#
# A fatal error has been detected by the Java Runtime Environment:
#
#  EXCEPTION_ACCESS_VIOLATION (0xc0000005) at pc=0x6e97198b, pid=3684, tid=3292
#
# JRE version: 7.0_21-b11
# Java VM: Java HotSpot(TM) Client VM (23.21-b01 mixed mode, sharing windows-x86 )
# Problematic frame:
# V  [jvm.dll+0xb198b]
#
# Failed to write core dump. Minidumps are not enabled by default on client versions of Windows
#
# If you would like to submit a bug report, please visit:
#   http://bugreport.sun.com/bugreport/crash.jsp
#

---------------  T H R E A D  ---------------

Current thread (0x0087a000):  JavaThread "main" [_thread_in_vm, id=3292, stack(0x00960000,0x009b0000)]

siginfo: ExceptionCode=0xc0000005, reading address 0x00000000

Registers:
EAX=0x00000006, EBX=0x0087a128, ECX=0x00000000, EDX=0x009af79c
ESP=0x009af70c, EBP=0x009af754, ESI=0x0087a000, EDI=0x00000000
EIP=0x6e97198b, EFLAGS=0x00010246

Top of Stack: (sp=0x009af70c)
0x009af70c:   00000000 00000000 00000000 009af74c
0x009af71c:   6e8c3d23 0087a000 19f1ff28 009afd88
0x009af72c:   0087a000 00000000 009af724 6e8c3de0
0x009af73c:   009af830 6eb2e07e 0087a000 00000000
0x009af74c:   009af760 6e964bd5 009af790 1000122f
0x009af75c:   0087a128 00000000 00000000 009af79c
0x009af76c:   009af814 033b0000 00000000 00000000
0x009af77c:   00000000 00000000 00000000 0087a128 

Instructions: (pc=0x6e97198b)
0x6e97196b:   f5 ff 83 c4 08 83 7e 04 00 89 75 f0 c7 45 f4 00
0x6e97197b:   00 00 00 74 08 8d 4d f0 e8 e8 c9 0b 00 8b 7d 10
0x6e97198b:   8b 0f c7 45 e0 0a 00 00 00 e8 07 91 f5 ff 50 8d
0x6e97199b:   4d c4 e8 be f8 08 00 8b 55 0c 8b 45 14 56 8d 4d 


Register to memory mapping:

EAX=0x00000006 is an unknown value
EBX=0x0087a128 is an unknown value
ECX=0x00000000 is an unknown value
EDX=0x009af79c is pointing into the stack for thread: 0x0087a000
ESP=0x009af70c is pointing into the stack for thread: 0x0087a000
EBP=0x009af754 is pointing into the stack for thread: 0x0087a000
ESI=0x0087a000 is a thread
EDI=0x00000000 is an unknown value


Stack: [0x00960000,0x009b0000],  sp=0x009af70c,  free space=317k
Native frames: (J=compiled Java code, j=interpreted, Vv=VM code, C=native code)
V  [jvm.dll+0xb198b]
C  [swt-win32-3740.dll+0x122f]  Java_org_eclipse_swt_internal_Callback_reset+0x1a8
C  0x033b0018
C  [USER32.dll+0x8734]  GetDC+0x6d
C  [USER32.dll+0x8816]  GetDC+0x14f
C  [USER32.dll+0x18ea0]  DefWindowProcW+0x180
C  [USER32.dll+0x18eec]  DefWindowProcW+0x1cc
C  [ntdll.dll+0xe473]  KiUserCallbackDispatcher+0x13
C  [USER32.dll+0x9402]  PeekMessageW+0x167
C  [ole32.dll+0x48d2b]  CoQueryClientBlanket+0x1d47
C  [ole32.dll+0x48cf5]  CoQueryClientBlanket+0x1d11
C  [ole32.dll+0x2218e]  OleInitialize+0x59c
C  [ole32.dll+0x21739]  CoInitializeEx+0x2b6
C  [ole32.dll+0x2139e]  CoUninitialize+0x52
C  [swt-win32-3740.dll+0xc1ce]  Java_org_eclipse_swt_internal_win32_OS_OleUninitialize+0x6
j  org.eclipse.swt.widgets.Display.releaseDisplay()V+607
j  org.eclipse.swt.widgets.Display.release()V+154
j  org.eclipse.swt.graphics.Device.dispose()V+50
j  chrriis.dj.nativeswing.swtimpl.core.SWTNativeInterface.destroyControls()V+104
j  chrriis.dj.nativeswing.swtimpl.core.SWTNativeInterface.access$1000()V+0
j  chrriis.dj.nativeswing.swtimpl.core.SWTNativeInterface$OutProcess$CMN_destroyControls$1.run()V+0
j  org.eclipse.swt.widgets.RunnableLock.run()V+11
j  org.eclipse.swt.widgets.Synchronizer.runAsyncMessages(Z)Z+29
j  org.eclipse.swt.widgets.Display.runAsyncMessages(Z)Z+5
j  org.eclipse.swt.widgets.Display.readAndDispatch()Z+91
j  chrriis.dj.nativeswing.swtimpl.core.SWTNativeInterface$OutProcess.runNativeSide([Ljava/lang/String;)V+553
j  chrriis.dj.nativeswing.swtimpl.core.SWTNativeInterface.main_([Ljava/lang/String;)V+1
j  chrriis.dj.nativeswing.swtimpl.NativeInterface.main([Ljava/lang/String;)V+7
v  ~StubRoutines::call_stub
V  [jvm.dll+0x12b41a]
V  [jvm.dll+0x1daa0e]
V  [jvm.dll+0x12b49d]
V  [jvm.dll+0xaf3f4]
V  [jvm.dll+0xb9777]
C  [java.exe+0x205f]
C  [java.exe+0xa5a1]
C  [java.exe+0xa62b]
C  [kernel32.dll+0xb729]  GetModuleFileNameA+0x1ba

Java frames: (J=compiled Java code, j=interpreted, Vv=VM code)
j  org.eclipse.swt.internal.win32.OS.OleUninitialize()V+0
j  org.eclipse.swt.widgets.Display.releaseDisplay()V+607
j  org.eclipse.swt.widgets.Display.release()V+154
j  org.eclipse.swt.graphics.Device.dispose()V+50
j  chrriis.dj.nativeswing.swtimpl.core.SWTNativeInterface.destroyControls()V+104
j  chrriis.dj.nativeswing.swtimpl.core.SWTNativeInterface.access$1000()V+0
j  chrriis.dj.nativeswing.swtimpl.core.SWTNativeInterface$OutProcess$CMN_destroyControls$1.run()V+0
j  org.eclipse.swt.widgets.RunnableLock.run()V+11
j  org.eclipse.swt.widgets.Synchronizer.runAsyncMessages(Z)Z+29
j  org.eclipse.swt.widgets.Display.runAsyncMessages(Z)Z+5
j  org.eclipse.swt.widgets.Display.readAndDispatch()Z+91
j  chrriis.dj.nativeswing.swtimpl.core.SWTNativeInterface$OutProcess.runNativeSide([Ljava/lang/String;)V+553
j  chrriis.dj.nativeswing.swtimpl.core.SWTNativeInterface.main_([Ljava/lang/String;)V+1
j  chrriis.dj.nativeswing.swtimpl.NativeInterface.main([Ljava/lang/String;)V+7
v  ~StubRoutines::call_stub

---------------  P R O C E S S  ---------------

Java Threads: ( => current thread )
  0x03073400 JavaThread "NativeSwing[1] Non-UI Message [11] Executor" daemon [_thread_blocked, id=3024, stack(0x05f30000,0x05f80000)]
  0x03097000 JavaThread "Registry cleanup thread-0" daemon [_thread_blocked, id=3776, stack(0x040d0000,0x04120000)]
  0x02ffa000 JavaThread "NativeSwing[1] SWT Receiver" daemon [_thread_in_native, id=2996, stack(0x03410000,0x03460000)]
  0x02f8cc00 JavaThread "NativeSwing Shutdown" daemon [_thread_blocked, id=3208, stack(0x03180000,0x031d0000)]
  0x02b1c400 JavaThread "Service Thread" daemon [_thread_blocked, id=3168, stack(0x02ea0000,0x02ef0000)]
  0x02b1a000 JavaThread "C1 CompilerThread0" daemon [_thread_blocked, id=2168, stack(0x02e50000,0x02ea0000)]
  0x02b14c00 JavaThread "Attach Listener" daemon [_thread_blocked, id=2140, stack(0x02e00000,0x02e50000)]
  0x02b13400 JavaThread "Signal Dispatcher" daemon [_thread_blocked, id=3560, stack(0x02db0000,0x02e00000)]
  0x02af5c00 JavaThread "Finalizer" daemon [_thread_blocked, id=2160, stack(0x02d60000,0x02db0000)]
  0x02af1000 JavaThread "Reference Handler" daemon [_thread_blocked, id=952, stack(0x02d10000,0x02d60000)]
=>0x0087a000 JavaThread "main" [_thread_in_vm, id=3292, stack(0x00960000,0x009b0000)]

Other Threads:
  0x02aef400 VMThread [stack: 0x02cc0000,0x02d10000] [id=380]
  0x02b1f400 WatcherThread [stack: 0x02ef0000,0x02f40000] [id=3636]

VM state:not at safepoint (normal execution)

VM Mutex/Monitor currently owned by a thread: None

Heap
 def new generation   total 4928K, used 714K [0x22b50000, 0x230a0000, 0x280a0000)
  eden space 4416K,   4% used [0x22b50000, 0x22b82b10, 0x22fa0000)
  from space 512K,  99% used [0x22fa0000, 0x2301fff8, 0x23020000)
  to   space 512K,   0% used [0x23020000, 0x23020000, 0x230a0000)
 tenured generation   total 10944K, used 1693K [0x280a0000, 0x28b50000, 0x32b50000)
   the space 10944K,  15% used [0x280a0000, 0x28247758, 0x28247800, 0x28b50000)
 compacting perm gen  total 12288K, used 1998K [0x32b50000, 0x33750000, 0x36b50000)
   the space 12288K,  16% used [0x32b50000, 0x32d43920, 0x32d43a00, 0x33750000)
    ro space 10240K,  45% used [0x36b50000, 0x36fd7988, 0x36fd7a00, 0x37550000)
    rw space 12288K,  54% used [0x37550000, 0x37bdb5d8, 0x37bdb600, 0x38150000)

Card table byte_map: [0x02b60000,0x02c10000] byte_map_base: 0x02a4a580

Polling page: 0x009b0000

Code Cache  [0x009e0000, 0x00aa8000, 0x029e0000)
 total_blobs=284 nmethods=110 adapters=109 free_code_cache=31980Kb largest_free_block=32748224

Compilation events (10 events):
Event: 2.718 Thread 0x02b1a000  104             java.lang.String::equalsIgnoreCase (48 bytes)
Event: 2.719 Thread 0x02b1a000 nmethod 104 0x00aa3108 code [0x00aa3210, 0x00aa331c]
Event: 2.719 Thread 0x02b1a000  105             java.lang.ref.Reference::get (5 bytes)
Event: 2.719 Thread 0x02b1a000 nmethod 105 0x00aa3408 code [0x00aa3500, 0x00aa3580]
Event: 2.724 Thread 0x02b1a000  106             java.lang.Integer::reverseBytes (26 bytes)
Event: 2.724 Thread 0x02b1a000 nmethod 106 0x00aa35c8 code [0x00aa36c0, 0x00aa3750]
Event: 3.067 Thread 0x02b1a000  108   !         org.eclipse.swt.graphics.Device::isDisposed (45 bytes)
Event: 3.068 Thread 0x02b1a000 nmethod 108 0x00aa3a48 code [0x00aa3b90, 0x00aa3edc]
Event: 3.089 Thread 0x02b1a000  109             org.eclipse.swt.widgets.Display::getData (145 bytes)
Event: 3.089 Thread 0x02b1a000 nmethod 109 0x00aa4148 code [0x00aa4300, 0x00aa4704]

GC Heap History (4 events):
Event: 1.212 GC heap before
{Heap before GC invocations=0 (full 0):
 def new generation   total 4928K, used 4416K [0x22b50000, 0x230a0000, 0x280a0000)
  eden space 4416K, 100% used [0x22b50000, 0x22fa0000, 0x22fa0000)
  from space 512K,   0% used [0x22fa0000, 0x22fa0000, 0x23020000)
  to   space 512K,   0% used [0x23020000, 0x23020000, 0x230a0000)
 tenured generation   total 10944K, used 0K [0x280a0000, 0x28b50000, 0x32b50000)
   the space 10944K,   0% used [0x280a0000, 0x280a0000, 0x280a0200, 0x28b50000)
 compacting perm gen  total 12288K, used 1130K [0x32b50000, 0x33750000, 0x36b50000)
   the space 12288K,   9% used [0x32b50000, 0x32c6a980, 0x32c6aa00, 0x33750000)
    ro space 10240K,  45% used [0x36b50000, 0x36fd7988, 0x36fd7a00, 0x37550000)
    rw space 12288K,  54% used [0x37550000, 0x37bdb5d8, 0x37bdb600, 0x38150000)
Event: 1.217 GC heap after
Heap after GC invocations=1 (full 0):
 def new generation   total 4928K, used 512K [0x22b50000, 0x230a0000, 0x280a0000)
  eden space 4416K,   0% used [0x22b50000, 0x22b50000, 0x22fa0000)
  from space 512K, 100% used [0x23020000, 0x230a0000, 0x230a0000)
  to   space 512K,   0% used [0x22fa0000, 0x22fa0000, 0x23020000)
 tenured generation   total 10944K, used 791K [0x280a0000, 0x28b50000, 0x32b50000)
   the space 10944K,   7% used [0x280a0000, 0x28165ff0, 0x28166000, 0x28b50000)
 compacting perm gen  total 12288K, used 1130K [0x32b50000, 0x33750000, 0x36b50000)
   the space 12288K,   9% used [0x32b50000, 0x32c6a980, 0x32c6aa00, 0x33750000)
    ro space 10240K,  45% used [0x36b50000, 0x36fd7988, 0x36fd7a00, 0x37550000)
    rw space 12288K,  54% used [0x37550000, 0x37bdb5d8, 0x37bdb600, 0x38150000)
}
Event: 3.212 GC heap before
{Heap before GC invocations=1 (full 0):
 def new generation   total 4928K, used 4928K [0x22b50000, 0x230a0000, 0x280a0000)
  eden space 4416K, 100% used [0x22b50000, 0x22fa0000, 0x22fa0000)
  from space 512K, 100% used [0x23020000, 0x230a0000, 0x230a0000)
  to   space 512K,   0% used [0x22fa0000, 0x22fa0000, 0x23020000)
 tenured generation   total 10944K, used 791K [0x280a0000, 0x28b50000, 0x32b50000)
   the space 10944K,   7% used [0x280a0000, 0x28165ff0, 0x28166000, 0x28b50000)
 compacting perm gen  total 12288K, used 1996K [0x32b50000, 0x33750000, 0x36b50000)
   the space 12288K,  16% used [0x32b50000, 0x32d43208, 0x32d43400, 0x33750000)
    ro space 10240K,  45% used [0x36b50000, 0x36fd7988, 0x36fd7a00, 0x37550000)
    rw space 12288K,  54% used [0x37550000, 0x37bdb5d8, 0x37bdb600, 0x38150000)
Event: 3.216 GC heap after
Heap after GC invocations=2 (full 0):
 def new generation   total 4928K, used 511K [0x22b50000, 0x230a0000, 0x280a0000)
  eden space 4416K,   0% used [0x22b50000, 0x22b50000, 0x22fa0000)
  from space 512K,  99% used [0x22fa0000, 0x2301fff8, 0x23020000)
  to   space 512K,   0% used [0x23020000, 0x23020000, 0x230a0000)
 tenured generation   total 10944K, used 1693K [0x280a0000, 0x28b50000, 0x32b50000)
   the space 10944K,  15% used [0x280a0000, 0x28247758, 0x28247800, 0x28b50000)
 compacting perm gen  total 12288K, used 1996K [0x32b50000, 0x33750000, 0x36b50000)
   the space 12288K,  16% used [0x32b50000, 0x32d43208, 0x32d43400, 0x33750000)
    ro space 10240K,  45% used [0x36b50000, 0x36fd7988, 0x36fd7a00, 0x37550000)
    rw space 12288K,  54% used [0x37550000, 0x37bdb5d8, 0x37bdb600, 0x38150000)
}

Deoptimization events (0 events):
No events

Internal exceptions (10 events):
Event: 2.662 Thread 0x0087a000 Threw 0x22f51230 at C:\jdk7u2_32P\jdk7u21\hotspot\src\share\vm\prims\jvm.cpp:1166
Event: 2.718 Thread 0x0087a000 Threw 0x22f5d908 at C:\jdk7u2_32P\jdk7u21\hotspot\src\share\vm\prims\jvm.cpp:1166
Event: 2.719 Thread 0x0087a000 Threw 0x22f680c0 at C:\jdk7u2_32P\jdk7u21\hotspot\src\share\vm\prims\jni.cpp:1631
Event: 2.724 Thread 0x02ffa000 Threw 0x22f70248 at C:\jdk7u2_32P\jdk7u21\hotspot\src\share\vm\prims\jni.cpp:1631
Event: 2.731 Thread 0x02ffa000 Threw 0x22f78230 at C:\jdk7u2_32P\jdk7u21\hotspot\src\share\vm\prims\jni.cpp:1631
Event: 2.733 Thread 0x02ffa000 Threw 0x22f802c0 at C:\jdk7u2_32P\jdk7u21\hotspot\src\share\vm\prims\jni.cpp:1631
Event: 3.210 Thread 0x02ffa000 Threw 0x22f82650 at C:\jdk7u2_32P\jdk7u21\hotspot\src\share\vm\prims\jvm.cpp:1166
Event: 3.211 Thread 0x02ffa000 Threw 0x22f9c720 at C:\jdk7u2_32P\jdk7u21\hotspot\src\share\vm\prims\jni.cpp:1631
Event: 3.217 Thread 0x0087a000 Threw 0x22b5b810 at C:\jdk7u2_32P\jdk7u21\hotspot\src\share\vm\prims\jvm.cpp:1166
Event: 3.217 Thread 0x03073400 Threw 0x22b50680 at C:\jdk7u2_32P\jdk7u21\hotspot\src\share\vm\prims\jvm.cpp:1166

Events (10 events):
Event: 2.718 loading class 0x030474b8 done
Event: 3.210 loading class 0x02f5fc58
Event: 3.210 loading class 0x02f5fc58 done
Event: 3.212 Thread 0x03073400 Thread added: 0x03073400
Event: 3.212 Executing VM operation: GenCollectForAllocation
Event: 3.216 Executing VM operation: GenCollectForAllocation done
Event: 3.217 loading class 0x0307a998
Event: 3.217 loading class 0x0307a998 done
Event: 3.217 loading class 0x030926c0
Event: 3.217 loading class 0x030926c0 done


Dynamic libraries:
0x00400000 - 0x0042f000 	D:\jdk\jre\bin\java.exe
0x7c920000 - 0x7c9b7000 	C:\WINDOWS\system32\ntdll.dll
0x7c800000 - 0x7c91f000 	C:\WINDOWS\system32\kernel32.dll
0x77da0000 - 0x77e47000 	C:\WINDOWS\system32\ADVAPI32.dll
0x77e50000 - 0x77ee3000 	C:\WINDOWS\system32\RPCRT4.dll
0x77fc0000 - 0x77fd1000 	C:\WINDOWS\system32\Secur32.dll
0x77d10000 - 0x77d9f000 	C:\WINDOWS\system32\USER32.dll
0x77ef0000 - 0x77f39000 	C:\WINDOWS\system32\GDI32.dll
0x77180000 - 0x77283000 	C:\WINDOWS\WinSxS\x86_Microsoft.Windows.Common-Controls_6595b64144ccf1df_6.0.2600.6028_x-ww_61e65202\COMCTL32.dll
0x77be0000 - 0x77c38000 	C:\WINDOWS\system32\msvcrt.dll
0x77f40000 - 0x77fb6000 	C:\WINDOWS\system32\SHLWAPI.dll
0x76300000 - 0x7631d000 	C:\WINDOWS\system32\IMM32.DLL
0x621f0000 - 0x621f9000 	C:\WINDOWS\system32\LPK.DLL
0x73fa0000 - 0x7400b000 	C:\WINDOWS\system32\USP10.dll
0x78aa0000 - 0x78b5e000 	D:\jdk\jre\bin\msvcr100.dll
0x6e8c0000 - 0x6ec0f000 	D:\jdk\jre\bin\client\jvm.dll
0x71a30000 - 0x71a3b000 	C:\WINDOWS\system32\WSOCK32.dll
0x71a10000 - 0x71a27000 	C:\WINDOWS\system32\WS2_32.dll
0x71a00000 - 0x71a08000 	C:\WINDOWS\system32\WS2HELP.dll
0x76b10000 - 0x76b3a000 	C:\WINDOWS\system32\WINMM.dll
0x76bc0000 - 0x76bcb000 	C:\WINDOWS\system32\PSAPI.DLL
0x6e810000 - 0x6e81c000 	D:\jdk\jre\bin\verify.dll
0x6d5a0000 - 0x6d5c0000 	D:\jdk\jre\bin\java.dll
0x6e8a0000 - 0x6e8b3000 	D:\jdk\jre\bin\zip.dll
0x6e5c0000 - 0x6e5d4000 	D:\jdk\jre\bin\net.dll
0x719b0000 - 0x719ee000 	C:\WINDOWS\system32\mswsock.dll
0x605b0000 - 0x60605000 	C:\WINDOWS\system32\hnetcfg.dll
0x719f0000 - 0x719f8000 	C:\WINDOWS\System32\wshtcpip.dll
0x10000000 - 0x1006e000 	C:\Documents and Settings\lendle\.swt\lib\win32\x86\swt-win32-3740.dll
0x76990000 - 0x76ace000 	C:\WINDOWS\system32\ole32.dll
0x770f0000 - 0x7717b000 	C:\WINDOWS\system32\OLEAUT32.dll
0x76320000 - 0x76367000 	C:\WINDOWS\system32\comdlg32.dll
0x7d590000 - 0x7dd85000 	C:\WINDOWS\system32\SHELL32.dll
0x72f70000 - 0x72f96000 	C:\WINDOWS\system32\WINSPOOL.DRV
0x3e4c0000 - 0x3e5a6000 	C:\WINDOWS\system32\WININET.dll
0x031f0000 - 0x031f9000 	C:\WINDOWS\system32\Normaliz.dll
0x43d90000 - 0x43ec3000 	C:\WINDOWS\system32\urlmon.dll
0x3eb60000 - 0x3ed4b000 	C:\WINDOWS\system32\iertutil.dll
0x765e0000 - 0x76673000 	C:\WINDOWS\system32\CRYPT32.dll
0x76db0000 - 0x76dc2000 	C:\WINDOWS\system32\MSASN1.dll
0x74680000 - 0x746cc000 	C:\WINDOWS\system32\MSCTF.dll
0x73640000 - 0x7366e000 	C:\WINDOWS\system32\msctfime.ime
0x6d110000 - 0x6d252000 	D:\jdk\jre\bin\awt.dll
0x76fa0000 - 0x7701f000 	C:\WINDOWS\system32\CLBCATQ.DLL
0x77020000 - 0x770bb000 	C:\WINDOWS\system32\COMRes.dll
0x77bd0000 - 0x77bd8000 	C:\WINDOWS\system32\VERSION.dll
0x3ed50000 - 0x3f7ec000 	C:\WINDOWS\system32\ieframe.dll
0x75e00000 - 0x75eae000 	C:\WINDOWS\system32\SXS.DLL
0x03a80000 - 0x03fcb000 	C:\WINDOWS\system32\xpsp2res.dll
0x5a410000 - 0x5a447000 	C:\WINDOWS\system32\uxtheme.dll
0x76d70000 - 0x76d92000 	C:\WINDOWS\system32\appHelp.dll
0x3db30000 - 0x3e0ee000 	C:\WINDOWS\system32\mshtml.dll
0x04620000 - 0x04649000 	C:\WINDOWS\system32\msls31.dll
0x74cf0000 - 0x74d81000 	C:\WINDOWS\system32\mlang.dll
0x74650000 - 0x7467a000 	C:\WINDOWS\system32\msimtf.dll
0x3e400000 - 0x3e4b4000 	C:\WINDOWS\system32\jscript.dll
0x76c00000 - 0x76c2e000 	C:\WINDOWS\system32\WINTRUST.dll
0x76c60000 - 0x76c88000 	C:\WINDOWS\system32\IMAGEHLP.dll
0x72c90000 - 0x72c99000 	C:\WINDOWS\system32\wdmaud.drv
0x72c80000 - 0x72c88000 	C:\WINDOWS\system32\msacm32.drv
0x77bb0000 - 0x77bc5000 	C:\WINDOWS\system32\MSACM32.dll
0x77ba0000 - 0x77ba7000 	C:\WINDOWS\system32\midimap.dll
0x76eb0000 - 0x76eec000 	C:\WINDOWS\system32\RASAPI32.dll
0x76e60000 - 0x76e72000 	C:\WINDOWS\system32\rasman.dll
0x69a00000 - 0x69a55000 	C:\WINDOWS\system32\NETAPI32.dll
0x76e80000 - 0x76eaf000 	C:\WINDOWS\system32\TAPI32.dll
0x76e50000 - 0x76e5e000 	C:\WINDOWS\system32\rtutils.dll
0x759d0000 - 0x75a7f000 	C:\WINDOWS\system32\USERENV.dll
0x72240000 - 0x72245000 	C:\WINDOWS\system32\sensapi.dll
0x76f90000 - 0x76f96000 	C:\WINDOWS\system32\rasadhlp.dll
0x76ef0000 - 0x76f17000 	C:\WINDOWS\system32\DNSAPI.dll
0x76d30000 - 0x76d48000 	C:\WINDOWS\system32\iphlpapi.dll
0x76f80000 - 0x76f88000 	C:\WINDOWS\System32\winrnr.dll
0x76f30000 - 0x76f5c000 	C:\WINDOWS\system32\WLDAP32.dll
0x64000000 - 0x64021000 	C:\Program Files\Bonjour\mdnsNSP.dll
0x767c0000 - 0x767e9000 	C:\WINDOWS\system32\schannel.dll
0x68000000 - 0x68036000 	C:\WINDOWS\system32\rsaenh.dll
0x68100000 - 0x68126000 	C:\WINDOWS\system32\dssenh.dll
0x1b000000 - 0x1b00c000 	C:\WINDOWS\system32\ImgUtil.dll
0x058c0000 - 0x058f9000 	C:\WINDOWS\system32\Dxtrans.dll
0x76af0000 - 0x76b01000 	C:\WINDOWS\system32\ATL.DLL
0x1b060000 - 0x1b06e000 	C:\WINDOWS\system32\pngfilt.dll
0x6d740000 - 0x6d74a000 	C:\WINDOWS\system32\ddrawex.dll
0x736d0000 - 0x7371b000 	C:\WINDOWS\system32\DDRAW.dll
0x73b30000 - 0x73b36000 	C:\WINDOWS\system32\DCIMAN32.dll
0x05930000 - 0x05987000 	C:\WINDOWS\system32\Dxtmsft.dll
0x762f0000 - 0x762f5000 	C:\WINDOWS\system32\msimg32.dll
0x47060000 - 0x47081000 	C:\WINDOWS\system32\XmlLite.dll
0x76060000 - 0x761b6000 	C:\WINDOWS\system32\SETUPAPI.dll
0x68cc0000 - 0x68d61000 	C:\WINDOWS\system32\dbghelp.dll

VM Arguments:
jvm_args: -Dnativeswing.localhostAddress=127.0.0.1 -Djava.library.path=D:\jdk\bin;C:\WINDOWS\Sun\Java\bin;C:\WINDOWS\system32;C:\WINDOWS;C:\Program Files\NVIDIA Corporation\PhysX\Common;d:\RailsInstaller\Git\cmd;d:\RailsInstaller\Ruby1.8.7\bin;d:\Ruby187\Git\cmd;d:\Ruby187\Ruby1.8.7\bin;"D:\Program Files\gnu";d:\Ruby187\bin;C:\Program Files\Intel\iCLS Client\;d:\jdk\bin;C:\WINDOWS\system32;C:\WINDOWS;C:\WINDOWS\System32\Wbem;C:\Program Files\QuickTime\QTSystem\;d:\Program Files\MiKTeX 2.9\miktex\bin\;d:\Program Files\Git\cmd;C:\Program Files\Intel\Intel(R) Management Engine Components\DAL;C:\Program Files\Intel\Intel(R) Management Engine Components\IPT;C:\Program Files\Microsoft SQL Server\100\Tools\Binn\;C:\Program Files\Microsoft SQL Server\100\DTS\Binn\;C:\WINDOWS\system32\WindowsPowerShell\v1.0;C:\Program Files\Microsoft SQL Server\100\Tools\Binn\VSShell\Common7\IDE\;C:\Program Files\Microsoft\Web Platform Installer\;C:\Program Files\Microsoft ASP.NET\ASP.NET Web Pages\v1.0\;D:\Program Files\nodejs\;D:\Program Files\Microchip\xc32\v1.31\bin;D:\Program Files\Microchip\xc16\v1.21\bin;E:\Program Files\mongodb-win32-i386-2.0.9\bin;d:\ant\bin;D:\Android\android-sdk\tools;"D:\Program Files\gnu";D:\spring-roo-1.2.3.RELEASE\bin;D:\Program Files\apache-maven-3.0.5\bin;D:\grails-2.2.2\bin;D:\play-2.1.1;E:\xampp-win32-1.7.7-VC9\xampp\php;E:\ZendFramework-1.11.12\bin;e:\AppServ\Apache2.2\bin;e:\AppServ\php5;D:\jdk\tools\gradle-1.6\bin;D:\Android\android-sdk\platform-tools;C:\Documents and Settings\lendle\Application Data\npm;D:\Ruby187\bin;D:\Program Files\sqlite;D:\工具軟體\remote_client;D:\Ruby187;d:\GNUstep\bin;d:\GNUstep\GNUstep\System\Tools;. 
java_command: chrriis.dj.nativeswing.swtimpl.NativeInterface 1 1834
Launcher Type: SUN_STANDARD

Environment Variables:
JAVA_HOME=D:\jdk
CLASSPATH=.;C:\Program Files\Java\jre7\lib\ext\QTJava.zip
PATH=C:\Program Files\NVIDIA Corporation\PhysX\Common;d:\RailsInstaller\Git\cmd;d:\RailsInstaller\Ruby1.8.7\bin;d:\Ruby187\Git\cmd;d:\Ruby187\Ruby1.8.7\bin;"D:\Program Files\gnu";d:\Ruby187\bin;C:\Program Files\Intel\iCLS Client\;d:\jdk\bin;C:\WINDOWS\system32;C:\WINDOWS;C:\WINDOWS\System32\Wbem;C:\Program Files\QuickTime\QTSystem\;d:\Program Files\MiKTeX 2.9\miktex\bin\;d:\Program Files\Git\cmd;C:\Program Files\Intel\Intel(R) Management Engine Components\DAL;C:\Program Files\Intel\Intel(R) Management Engine Components\IPT;C:\Program Files\Microsoft SQL Server\100\Tools\Binn\;C:\Program Files\Microsoft SQL Server\100\DTS\Binn\;C:\WINDOWS\system32\WindowsPowerShell\v1.0;C:\Program Files\Microsoft SQL Server\100\Tools\Binn\VSShell\Common7\IDE\;C:\Program Files\Microsoft\Web Platform Installer\;C:\Program Files\Microsoft ASP.NET\ASP.NET Web Pages\v1.0\;D:\Program Files\nodejs\;D:\Program Files\Microchip\xc32\v1.31\bin;D:\Program Files\Microchip\xc16\v1.21\bin;E:\Program Files\mongodb-win32-i386-2.0.9\bin;d:\ant\bin;D:\Android\android-sdk\tools;"D:\Program Files\gnu";D:\spring-roo-1.2.3.RELEASE\bin;D:\Program Files\apache-maven-3.0.5\bin;D:\grails-2.2.2\bin;D:\play-2.1.1;E:\xampp-win32-1.7.7-VC9\xampp\php;E:\ZendFramework-1.11.12\bin;e:\AppServ\Apache2.2\bin;e:\AppServ\php5;D:\jdk\tools\gradle-1.6\bin;D:\Android\android-sdk\platform-tools;C:\Documents and Settings\lendle\Application Data\npm;D:\Ruby187\bin;D:\Program Files\sqlite;D:\工具軟體\remote_client;D:\Ruby187;d:\GNUstep\bin;d:\GNUstep\GNUstep\System\Tools
USERNAME=lendle
OS=Windows_NT
PROCESSOR_IDENTIFIER=x86 Family 6 Model 42 Stepping 7, GenuineIntel



---------------  S Y S T E M  ---------------

OS: Windows XP Build 2600 Service Pack 3

CPU:total 2 (2 cores per cpu, 1 threads per core) family 6 model 42 stepping 7, cmov, cx8, fxsr, mmx, sse, sse2, sse3, ssse3, sse4.1, sse4.2, popcnt, tsc, tscinvbit

Memory: 4k page, physical 3136116k(1357896k free), swap 5593548k(3837688k free)

vm_info: Java HotSpot(TM) Client VM (23.21-b01) for windows-x86 JRE (1.7.0_21-b11), built on Apr  4 2013 04:43:10 by "java_re" with unknown MS VC++:1600

time: Sun May 25 17:34:39 2014
elapsed time: 3 seconds

