#
# A fatal error has been detected by the Java Runtime Environment:
#
#  SIGSEGV (0xb) at pc=0x00007f319d9d7320, pid=14202, tid=139852655609600
#
# JRE version: Java(TM) SE Runtime Environment (8.0-b132) (build 1.8.0-b132)
# Java VM: Java HotSpot(TM) 64-Bit Server VM (25.0-b70 mixed mode linux-amd64 compressed oops)
# Problematic frame:
# C  0x00007f319d9d7320
#
# Failed to write core dump. Core dumps have been disabled. To enable core dumping, try "ulimit -c unlimited" before starting Java again
#
# If you would like to submit a bug report, please visit:
#   http://bugreport.sun.com/bugreport/crash.jsp
#

---------------  T H R E A D  ---------------

Current thread is native thread

siginfo:si_signo=SIGSEGV: si_errno=0, si_code=1 (SEGV_MAPERR), si_addr=0x00007f319d9d7320

Registers:
RAX=0x00007f319d9d7320, RBX=0x00007f31fbdbca38, RCX=0x0000000000000001, RDX=0x0000000000000001
RSP=0x00007f31fbdbbe68, RBP=0x00007f31fbbb9308, RSI=0x00007f31fbdbc700, RDI=0x00007f31f437d650
R8 =0x0000000000000000, R9 =0x000000000000377e, R10=0x0000000000000008, R11=0x0000000000000206
R12=0x000000000000001e, R13=0x0000000000000000, R14=0x00007f31fbbb92e0, R15=0x0000000000000004
RIP=0x00007f319d9d7320, EFLAGS=0x0000000000010202, CSGSFS=0x0000000000000033, ERR=0x0000000000000014
  TRAPNO=0x000000000000000e

Top of Stack: (sp=0x00007f31fbdbbe68)
0x00007f31fbdbbe68:   00007f31fb9a8d72 00007f31fbdbc700
0x00007f31fbdbbe78:   0000000000000000 0000000000000000
0x00007f31fbdbbe88:   0000000000000000 00007f31fbde1060
0x00007f31fbdbbe98:   00007fff75d62ca0 0000000000001000
0x00007f31fbdbbea8:   00007f31fb9a8f7c 0000000000000000
0x00007f31fbdbbeb8:   00007f31fbdbc700 00007f31fbdbc700
0x00007f31fbdbbec8:   9811f0cffd6502e9 0000000000000000
0x00007f31fbdbbed8:   00007f31fbde1060 00007fff75d62ca0
0x00007f31fbdbbee8:   0000000000001000 66720778800502e9
0x00007f31fbdbbef8:   667207fae30b02e9 0000000000000000
0x00007f31fbdbbf08:   0000000000000000 0000000000000000
0x00007f31fbdbbf18:   0000000000000000 0000000000000000
0x00007f31fbdbbf28:   0000000000000000 0000000000000000
0x00007f31fbdbbf38:   0000000000000000 0000000000000000
0x00007f31fbdbbf48:   0000000000000000 0000000000000000
0x00007f31fbdbbf58:   0000000000000000 0000000000000000
0x00007f31fbdbbf68:   0000000000000000 0000000000000000
0x00007f31fbdbbf78:   0000000000000000 0000000000000000
0x00007f31fbdbbf88:   0000000000000000 0000000000000000
0x00007f31fbdbbf98:   0000000000000000 0000000000000000
0x00007f31fbdbbfa8:   0000000000000000 00007f31fbdbc700
0x00007f31fbdbbfb8:   00007f31fb2b89cd 0000000000000000
0x00007f31fbdbbfc8:   0000000000000000 0000000000000000
0x00007f31fbdbbfd8:   0000000000000000 0000000000000000
0x00007f31fbdbbfe8:   0000000000000000 0000000000000000
0x00007f31fbdbbff8:   0000000000000000 0000000000000000
0x00007f31fbdbc008:   0000000000000000 0000000000000000
0x00007f31fbdbc018:   0000000000000000 0000000000000000
0x00007f31fbdbc028:   0000000000000000 0000000000000000
0x00007f31fbdbc038:   0000000000000000 0000000000000000
0x00007f31fbdbc048:   0000000000000000 0000000000000000
0x00007f31fbdbc058:   0000000000000000 0000000000000000 

Instructions: (pc=0x00007f319d9d7320)
0x00007f319d9d7300:   
[error occurred during error reporting (printing registers, top of stack, instructions near pc), id 0xb]

Register to memory mapping:

RAX=0x00007f319d9d7320 is an unknown value
RBX=0x00007f31fbdbca38 is an unknown value
RCX=0x0000000000000001 is an unknown value
RDX=0x0000000000000001 is an unknown value
RSP=0x00007f31fbdbbe68 is an unknown value
RBP=0x00007f31fbbb9308: <offset 0x218308> in /lib/x86_64-linux-gnu/libpthread.so.0 at 0x00007f31fb9a1000
RSI=0x00007f31fbdbc700 is an unknown value
RDI=0x00007f31f437d650 is an unknown value
R8 =0x0000000000000000 is an unknown value
R9 =0x000000000000377e is an unknown value
R10=0x0000000000000008 is an unknown value
R11=0x0000000000000206 is an unknown value
R12=0x000000000000001e is an unknown value
R13=0x0000000000000000 is an unknown value
R14=0x00007f31fbbb92e0: <offset 0x2182e0> in /lib/x86_64-linux-gnu/libpthread.so.0 at 0x00007f31fb9a1000
R15=0x0000000000000004 is an unknown value


Stack: [0x00007f31fbcbc000,0x00007f31fbdbd000],  sp=0x00007f31fbdbbe68,  free space=1023k
Native frames: (J=compiled Java code, j=interpreted, Vv=VM code, C=native code)
C  0x00007f319d9d7320


---------------  P R O C E S S  ---------------

VM state:at safepoint (shutting down)

VM Mutex/Monitor currently owned by a thread:  ([mutex/lock_event])
[0x00007f31f4007440] Threads_lock - owner thread: 0x00007f31f4074000

Heap:
 PSYoungGen      total 2560K, used 2553K [0x00000000d7200000, 0x00000000d7500000, 0x0000000100000000)
  eden space 2048K, 99% used [0x00000000d7200000,0x00000000d73fe770,0x00000000d7400000)
  from space 512K, 100% used [0x00000000d7480000,0x00000000d7500000,0x00000000d7500000)
  to   space 512K, 0% used [0x00000000d7400000,0x00000000d7400000,0x00000000d7480000)
 ParOldGen       total 125440K, used 1014K [0x0000000085600000, 0x000000008d080000, 0x00000000d7200000)
  object space 125440K, 0% used [0x0000000085600000,0x00000000856fdb30,0x000000008d080000)
 Metaspace       used 8400K, capacity 8482K, committed 8576K, reserved 1056768K
  class space    used 1049K, capacity 1098K, committed 1152K, reserved 1048576K

Card table byte_map: [0x00007f31f8766000,0x00007f31f8b3c000] byte_map_base: 0x00007f31f833b000

Marking Bits: (ParMarkBitMap*) 0x00007f31fb193c20
 Begin Bits: [0x00007f31d42b0000, 0x00007f31d6158000)
 End Bits:   [0x00007f31d6158000, 0x00007f31d8000000)

Polling page: 0x00007f31fbddd000

CodeCache: size=245760Kb used=1697Kb max_used=1706Kb free=244062Kb
 bounds [0x00007f31e5000000, 0x00007f31e5270000, 0x00007f31f4000000]
 total_blobs=705 nmethods=251 adapters=369
 compilation: enabled

Compilation events (10 events):
Event: 0.296 Thread 0x00007f31f40b3000 nmethod 247 0x00007f31e51a7950 code [0x00007f31e51a7aa0, 0x00007f31e51a7bb0]
Event: 0.296 Thread 0x00007f31f40b3000  248       1       java.security.ProtectionDomain::getCodeSource (5 bytes)
Event: 0.296 Thread 0x00007f31f40b3000 nmethod 248 0x00007f31e51a7c10 code [0x00007f31e51a7d60, 0x00007f31e51a7e70]
Event: 0.298 Thread 0x00007f31f40b3000  249       1       sun.misc.URLClassPath$Loader::getBaseURL (5 bytes)
Event: 0.298 Thread 0x00007f31f40b3000 nmethod 249 0x00007f31e51aac90 code [0x00007f31e51aade0, 0x00007f31e51aaef0]
Event: 0.298 Thread 0x00007f31f40ae800 nmethod 242 0x00007f31e51aaf50 code [0x00007f31e51ab0a0, 0x00007f31e51ab258]
Event: 0.298 Thread 0x00007f31f40b3000  250       3       java.nio.Buffer::position (43 bytes)
Event: 0.298 Thread 0x00007f31f40b3000 nmethod 250 0x00007f31e51aa7d0 code [0x00007f31e51aa940, 0x00007f31e51aabe8]
Event: 0.298 Thread 0x00007f31f40b3000  251       1       java.nio.Buffer::limit (5 bytes)
Event: 0.298 Thread 0x00007f31f40b3000 nmethod 251 0x00007f31e51aa510 code [0x00007f31e51aa660, 0x00007f31e51aa770]

GC Heap History (8 events):
Event: 0.042 GC heap before
{Heap before GC invocations=1 (full 0):
 PSYoungGen      total 1024K, used 512K [0x00000000d7200000, 0x00000000d7380000, 0x0000000100000000)
  eden space 512K, 100% used [0x00000000d7200000,0x00000000d7280000,0x00000000d7280000)
  from space 512K, 0% used [0x00000000d7300000,0x00000000d7300000,0x00000000d7380000)
  to   space 512K, 0% used [0x00000000d7280000,0x00000000d7280000,0x00000000d7300000)
 ParOldGen       total 125440K, used 0K [0x0000000085600000, 0x000000008d080000, 0x00000000d7200000)
  object space 125440K, 0% used [0x0000000085600000,0x0000000085600000,0x000000008d080000)
 Metaspace       used 2985K, capacity 4522K, committed 4864K, reserved 1056768K
  class space    used 323K, capacity 418K, committed 512K, reserved 1048576K
Event: 0.042 GC heap after
Heap after GC invocations=1 (full 0):
 PSYoungGen      total 1024K, used 432K [0x00000000d7200000, 0x00000000d7400000, 0x0000000100000000)
  eden space 512K, 0% used [0x00000000d7200000,0x00000000d7200000,0x00000000d7280000)
  from space 512K, 84% used [0x00000000d7280000,0x00000000d72ec010,0x00000000d7300000)
  to   space 512K, 0% used [0x00000000d7380000,0x00000000d7380000,0x00000000d7400000)
 ParOldGen       total 125440K, used 8K [0x0000000085600000, 0x000000008d080000, 0x00000000d7200000)
  object space 125440K, 0% used [0x0000000085600000,0x0000000085602000,0x000000008d080000)
 Metaspace       used 2985K, capacity 4522K, committed 4864K, reserved 1056768K
  class space    used 323K, capacity 418K, committed 512K, reserved 1048576K
}
Event: 0.054 GC heap before
{Heap before GC invocations=2 (full 0):
 PSYoungGen      total 1024K, used 944K [0x00000000d7200000, 0x00000000d7400000, 0x0000000100000000)
  eden space 512K, 100% used [0x00000000d7200000,0x00000000d7280000,0x00000000d7280000)
  from space 512K, 84% used [0x00000000d7280000,0x00000000d72ec010,0x00000000d7300000)
  to   space 512K, 0% used [0x00000000d7380000,0x00000000d7380000,0x00000000d7400000)
 ParOldGen       total 125440K, used 8K [0x0000000085600000, 0x000000008d080000, 0x00000000d7200000)
  object space 125440K, 0% used [0x0000000085600000,0x0000000085602000,0x000000008d080000)
 Metaspace       used 3200K, capacity 4522K, committed 4864K, reserved 1056768K
  class space    used 349K, capacity 418K, committed 512K, reserved 1048576K
Event: 0.054 GC heap after
Heap after GC invocations=2 (full 0):
 PSYoungGen      total 1536K, used 496K [0x00000000d7200000, 0x00000000d7400000, 0x0000000100000000)
  eden space 1024K, 0% used [0x00000000d7200000,0x00000000d7200000,0x00000000d7300000)
  from space 512K, 96% used [0x00000000d7380000,0x00000000d73fc010,0x00000000d7400000)
  to   space 512K, 0% used [0x00000000d7300000,0x00000000d7300000,0x00000000d7380000)
 ParOldGen       total 125440K, used 115K [0x0000000085600000, 0x000000008d080000, 0x00000000d7200000)
  object space 125440K, 0% used [0x0000000085600000,0x000000008561cdf8,0x000000008d080000)
 Metaspace       used 3200K, capacity 4522K, committed 4864K, reserved 1056768K
  class space    used 349K, capacity 418K, committed 512K, reserved 1048576K
}
Event: 0.175 GC heap before
{Heap before GC invocations=3 (full 0):
 PSYoungGen      total 1536K, used 1520K [0x00000000d7200000, 0x00000000d7400000, 0x0000000100000000)
  eden space 1024K, 100% used [0x00000000d7200000,0x00000000d7300000,0x00000000d7300000)
  from space 512K, 96% used [0x00000000d7380000,0x00000000d73fc010,0x00000000d7400000)
  to   space 512K, 0% used [0x00000000d7300000,0x00000000d7300000,0x00000000d7380000)
 ParOldGen       total 125440K, used 115K [0x0000000085600000, 0x000000008d080000, 0x00000000d7200000)
  object space 125440K, 0% used [0x0000000085600000,0x000000008561cdf8,0x000000008d080000)
 Metaspace       used 6372K, capacity 6498K, committed 6656K, reserved 1056768K
  class space    used 693K, capacity 714K, committed 768K, reserved 1048576K
Event: 0.177 GC heap after
Heap after GC invocations=3 (full 0):
 PSYoungGen      total 1536K, used 480K [0x00000000d7200000, 0x00000000d7500000, 0x0000000100000000)
  eden space 1024K, 0% used [0x00000000d7200000,0x00000000d7200000,0x00000000d7300000)
  from space 512K, 93% used [0x00000000d7300000,0x00000000d7378020,0x00000000d7380000)
  to   space 512K, 0% used [0x00000000d7480000,0x00000000d7480000,0x00000000d7500000)
 ParOldGen       total 125440K, used 718K [0x0000000085600000, 0x000000008d080000, 0x00000000d7200000)
  object space 125440K, 0% used [0x0000000085600000,0x00000000856b3ae0,0x000000008d080000)
 Metaspace       used 6372K, capacity 6498K, committed 6656K, reserved 1056768K
  class space    used 693K, capacity 714K, committed 768K, reserved 1048576K
}
Event: 0.214 GC heap before
{Heap before GC invocations=4 (full 0):
 PSYoungGen      total 1536K, used 1504K [0x00000000d7200000, 0x00000000d7500000, 0x0000000100000000)
  eden space 1024K, 100% used [0x00000000d7200000,0x00000000d7300000,0x00000000d7300000)
  from space 512K, 93% used [0x00000000d7300000,0x00000000d7378020,0x00000000d7380000)
  to   space 512K, 0% used [0x00000000d7480000,0x00000000d7480000,0x00000000d7500000)
 ParOldGen       total 125440K, used 718K [0x0000000085600000, 0x000000008d080000, 0x00000000d7200000)
  object space 125440K, 0% used [0x0000000085600000,0x00000000856b3ae0,0x000000008d080000)
 Metaspace       used 6762K, capacity 6882K, committed 7040K, reserved 1056768K
  class space    used 744K, capacity 778K, committed 896K, reserved 1048576K
Event: 0.215 GC heap after
Heap after GC invocations=4 (full 0):
 PSYoungGen      total 2560K, used 512K [0x00000000d7200000, 0x00000000d7500000, 0x0000000100000000)
  eden space 2048K, 0% used [0x00000000d7200000,0x00000000d7200000,0x00000000d7400000)
  from space 512K, 100% used [0x00000000d7480000,0x00000000d7500000,0x00000000d7500000)
  to   space 512K, 0% used [0x00000000d7400000,0x00000000d7400000,0x00000000d7480000)
 ParOldGen       total 125440K, used 1014K [0x0000000085600000, 0x000000008d080000, 0x00000000d7200000)
  object space 125440K, 0% used [0x0000000085600000,0x00000000856fdb30,0x000000008d080000)
 Metaspace       used 6762K, capacity 6882K, committed 7040K, reserved 1056768K
  class space    used 744K, capacity 778K, committed 896K, reserved 1048576K
}

Deoptimization events (0 events):
No events

Internal exceptions (10 events):
Event: 0.285 Thread 0x00007f31f400b000 Exception <a 'java/security/PrivilegedActionException'> (0x00000000d73ace28) thrown at [/HUDSON/workspace/8-2-build-linux-amd64/jdk8/2238/hotspot/src/share/vm/prims/jvm.cpp, line 1248]
Event: 0.285 Thread 0x00007f31f400b000 Exception <a 'java/security/PrivilegedActionException'> (0x00000000d73b5a58) thrown at [/HUDSON/workspace/8-2-build-linux-amd64/jdk8/2238/hotspot/src/share/vm/prims/jvm.cpp, line 1248]
Event: 0.285 Thread 0x00007f31f400b000 Exception <a 'java/security/PrivilegedActionException'> (0x00000000d73bc328) thrown at [/HUDSON/workspace/8-2-build-linux-amd64/jdk8/2238/hotspot/src/share/vm/prims/jvm.cpp, line 1248]
Event: 0.287 Thread 0x00007f31f400b000 Exception <a 'java/security/PrivilegedActionException'> (0x00000000d73cbae0) thrown at [/HUDSON/workspace/8-2-build-linux-amd64/jdk8/2238/hotspot/src/share/vm/prims/jvm.cpp, line 1248]
Event: 0.296 Thread 0x00007f31f400b000 Exception <a 'java/security/PrivilegedActionException'> (0x00000000d73d8ba8) thrown at [/HUDSON/workspace/8-2-build-linux-amd64/jdk8/2238/hotspot/src/share/vm/prims/jvm.cpp, line 1248]
Event: 0.296 Thread 0x00007f31f400b000 Exception <a 'java/security/PrivilegedActionException'> (0x00000000d73de380) thrown at [/HUDSON/workspace/8-2-build-linux-amd64/jdk8/2238/hotspot/src/share/vm/prims/jvm.cpp, line 1248]
Event: 0.297 Thread 0x00007f31f400b000 Exception <a 'java/security/PrivilegedActionException'> (0x00000000d73e6140) thrown at [/HUDSON/workspace/8-2-build-linux-amd64/jdk8/2238/hotspot/src/share/vm/prims/jvm.cpp, line 1248]
Event: 0.297 Thread 0x00007f31f400b000 Exception <a 'java/security/PrivilegedActionException'> (0x00000000d73eba70) thrown at [/HUDSON/workspace/8-2-build-linux-amd64/jdk8/2238/hotspot/src/share/vm/prims/jvm.cpp, line 1248]
Event: 0.298 Thread 0x00007f31f400b000 Exception <a 'java/security/PrivilegedActionException'> (0x00000000d73ee788) thrown at [/HUDSON/workspace/8-2-build-linux-amd64/jdk8/2238/hotspot/src/share/vm/prims/jvm.cpp, line 1248]
Event: 0.298 Thread 0x00007f31f400b000 Exception <a 'java/lang/NoClassDefFoundError': org/eclipse/swt/SWT> (0x00000000d73ee990) thrown at [/HUDSON/workspace/8-2-build-linux-amd64/jdk8/2238/hotspot/src/share/vm/classfile/systemDictionary.cpp, line 191]

Events (10 events):
Event: 0.298 Thread 0x00007f31f400b000 Thread added: 0x00007f31f400b000
Event: 0.298 loading class java/util/IdentityHashMap$KeyIterator
Event: 0.298 loading class java/util/IdentityHashMap$KeyIterator done
Event: 0.299 Thread 0x00007f31f439f800 Thread added: 0x00007f31f439f800
Event: 0.299 loading class sun/awt/X11/XSystemTrayPeer
Event: 0.299 loading class java/awt/peer/SystemTrayPeer
Event: 0.299 loading class java/awt/peer/SystemTrayPeer done
Event: 0.299 loading class sun/awt/X11/XSystemTrayPeer done
Event: 0.299 Thread 0x00007f31f439f800 Thread exited: 0x00007f31f439f800
Event: 0.299 Thread 0x00007f31f400b000 Thread exited: 0x00007f31f400b000


Dynamic libraries:
00400000-00401000 r-xp 00000000 08:02 10495177                           /home/lendle/jdk/bin/java
00600000-00601000 rw-p 00000000 08:02 10495177                           /home/lendle/jdk/bin/java
01973000-01994000 rw-p 00000000 00:00 0                                  [heap]
85600000-8d080000 rw-p 00000000 00:00 0 
8d080000-d7200000 ---p 00000000 00:00 0 
d7200000-d7500000 rw-p 00000000 00:00 0 
d7500000-100000000 ---p 00000000 00:00 0 
100000000-100120000 rw-p 00000000 00:00 0 
100120000-140000000 ---p 00000000 00:00 0 
7f3198000000-7f3198021000 rw-p 00000000 00:00 0 
7f3198021000-7f319c000000 ---p 00000000 00:00 0 
7f319f6d4000-7f319f6df000 r--s 00000000 08:02 12068764                   /var/cache/fontconfig/945677eb7aeaf62f1d50efc3fb3ec7d8-le64.cache-4
7f319fcee000-7f319fcf1000 ---p 00000000 00:00 0 
7f319fcf1000-7f319fdef000 rw-p 00000000 00:00 0 
7f319fdef000-7f319fdff000 r-xp 00000000 08:02 11933646                   /home/lendle/jdk/jre/lib/amd64/libnio.so
7f319fdff000-7f319ffff000 ---p 00010000 08:02 11933646                   /home/lendle/jdk/jre/lib/amd64/libnio.so
7f319ffff000-7f31a0000000 rw-p 00010000 08:02 11933646                   /home/lendle/jdk/jre/lib/amd64/libnio.so
7f31a0000000-7f31a0021000 rw-p 00000000 00:00 0 
7f31a0021000-7f31a4000000 ---p 00000000 00:00 0 
7f31a4000000-7f31a4021000 rw-p 00000000 00:00 0 
7f31a4021000-7f31a8000000 ---p 00000000 00:00 0 
7f31a8000000-7f31a8021000 rw-p 00000000 00:00 0 
7f31a8021000-7f31ac000000 ---p 00000000 00:00 0 
7f31ac000000-7f31ac021000 rw-p 00000000 00:00 0 
7f31ac021000-7f31b0000000 ---p 00000000 00:00 0 
7f31b0000000-7f31b009b000 rw-p 00000000 00:00 0 
7f31b009b000-7f31b4000000 ---p 00000000 00:00 0 
7f31b4000000-7f31b4137000 rw-p 00000000 00:00 0 
7f31b4137000-7f31b8000000 ---p 00000000 00:00 0 
7f31b8000000-7f31b8021000 rw-p 00000000 00:00 0 
7f31b8021000-7f31bc000000 ---p 00000000 00:00 0 
7f31bc000000-7f31bc114000 rw-p 00000000 00:00 0 
7f31bc114000-7f31c0000000 ---p 00000000 00:00 0 
7f31c0000000-7f31c0021000 rw-p 00000000 00:00 0 
7f31c0021000-7f31c4000000 ---p 00000000 00:00 0 
7f31c4000000-7f31c4021000 rw-p 00000000 00:00 0 
7f31c4021000-7f31c8000000 ---p 00000000 00:00 0 
7f31c8000000-7f31c8021000 rw-p 00000000 00:00 0 
7f31c8021000-7f31cc000000 ---p 00000000 00:00 0 
7f31cc007000-7f31cc008000 r--s 00000000 08:02 12068786                   /var/cache/fontconfig/c05880de57d1f5e948fdfacc138775d9-le64.cache-4
7f31cc008000-7f31cc00d000 r--s 00000000 08:02 12068763                   /var/cache/fontconfig/99e8ed0e538f840c565b6ed5dad60d56-le64.cache-4
7f31cc00d000-7f31cc016000 r--s 00000000 08:02 12068748                   /var/cache/fontconfig/a6d8cf8e4ec09cdbc8633c31745a07dd-le64.cache-4
7f31cc016000-7f31cc01c000 r--s 00000000 08:02 12068740                   /var/cache/fontconfig/2cd17615ca594fa2959ae173292e504c-le64.cache-4
7f31cc01c000-7f31cc01d000 r--s 00000000 08:02 12068724                   /var/cache/fontconfig/e7071f4a29fa870f4323321c154eba04-le64.cache-4
7f31cc01d000-7f31cc01e000 r--s 00000000 08:02 12068711                   /var/cache/fontconfig/0d8c3b2ac0904cb8a57a757ad11a4a08-le64.cache-4
7f31cc01e000-7f31cc025000 r--s 00000000 08:02 12068708                   /var/cache/fontconfig/a755afe4a08bf5b97852ceb7400b47bc-le64.cache-4
7f31cc025000-7f31cc029000 r--s 00000000 08:02 12068693                   /var/cache/fontconfig/6d41288fd70b0be22e8c3a91e032eec0-le64.cache-4
7f31cc029000-7f31cc03d000 r--s 00000000 08:02 12068683                   /var/cache/fontconfig/04aabc0a78ac019cf9454389977116d2-le64.cache-4
7f31cc03d000-7f31cc03e000 r--s 00000000 08:02 12068676                   /var/cache/fontconfig/1ac9eb803944fde146138c791f5cc56a-le64.cache-4
7f31cc03e000-7f31cc042000 r--s 00000000 08:02 12068670                   /var/cache/fontconfig/385c0604a188198f04d133e54aba7fe7-le64.cache-4
7f31cc042000-7f31cc043000 r--s 00000000 08:02 12068666                   /var/cache/fontconfig/dc05db6664285cc2f12bf69c139ae4c3-le64.cache-4
7f31cc043000-7f31cc045000 r--s 00000000 08:02 12068665                   /var/cache/fontconfig/767a8244fc0220cfb567a839d0392e0b-le64.cache-4
7f31cc045000-7f31cc046000 r--s 00000000 08:02 12068663                   /var/cache/fontconfig/4794a0821666d79190d59a36cb4f44b5-le64.cache-4
7f31cc046000-7f31cc081000 r--s 00000000 08:02 12068647                   /var/cache/fontconfig/365b55f210c0a22e9a19e35191240f32-le64.cache-4
7f31cc081000-7f31cc085000 r--s 00000000 08:02 12068641                   /var/cache/fontconfig/c57959a16110560c8d0fcea73374aeeb-le64.cache-4
7f31cc085000-7f31cc08c000 r--s 00000000 08:02 12068636                   /var/cache/fontconfig/3047814df9a2f067bd2d96a2b9c36e5a-le64.cache-4
7f31cc08c000-7f31cc095000 r--s 00000000 08:02 12067217                   /var/cache/fontconfig/52f7bdb7ce746bfd7eaa1985bd9cfa93-le64.cache-4
7f31cc095000-7f31cc0a8000 r--s 00000000 08:02 12067216                   /var/cache/fontconfig/d52a8644073d54c13679302ca1180695-le64.cache-4
7f31cc0a8000-7f31cc0b0000 r--s 00000000 08:02 12067204                   /var/cache/fontconfig/3f7329c5293ffd510edef78f73874cfd-le64.cache-4
7f31cc0b0000-7f31cc0e1000 rw-p 00000000 00:00 0 
7f31cc0e1000-7f31cc0f7000 r-xp 00000000 08:02 11933643                   /home/lendle/jdk/jre/lib/amd64/libnet.so
7f31cc0f7000-7f31cc2f6000 ---p 00016000 08:02 11933643                   /home/lendle/jdk/jre/lib/amd64/libnet.so
7f31cc2f6000-7f31cc2f7000 rw-p 00015000 08:02 11933643                   /home/lendle/jdk/jre/lib/amd64/libnet.so
7f31cc2f7000-7f31cc2fa000 ---p 00000000 00:00 0 
7f31cc2fa000-7f31cc3f8000 rw-p 00000000 00:00 0                          [stack:14221]
7f31cc3f8000-7f31cc3fd000 r-xp 00000000 08:01 2103221                    /usr/lib/x86_64-linux-gnu/libXfixes.so.3.1.0
7f31cc3fd000-7f31cc5fc000 ---p 00005000 08:01 2103221                    /usr/lib/x86_64-linux-gnu/libXfixes.so.3.1.0
7f31cc5fc000-7f31cc5fd000 r--p 00004000 08:01 2103221                    /usr/lib/x86_64-linux-gnu/libXfixes.so.3.1.0
7f31cc5fd000-7f31cc5fe000 rw-p 00005000 08:01 2103221                    /usr/lib/x86_64-linux-gnu/libXfixes.so.3.1.0
7f31cc5fe000-7f31cc607000 r-xp 00000000 08:01 2103213                    /usr/lib/x86_64-linux-gnu/libXcursor.so.1.0.2
7f31cc607000-7f31cc806000 ---p 00009000 08:01 2103213                    /usr/lib/x86_64-linux-gnu/libXcursor.so.1.0.2
7f31cc806000-7f31cc807000 r--p 00008000 08:01 2103213                    /usr/lib/x86_64-linux-gnu/libXcursor.so.1.0.2
7f31cc807000-7f31cc808000 rw-p 00009000 08:01 2103213                    /usr/lib/x86_64-linux-gnu/libXcursor.so.1.0.2
7f31cc808000-7f31cc80b000 ---p 00000000 00:00 0 
7f31cc80b000-7f31cc909000 rw-p 00000000 00:00 0                          [stack:14220]
7f31cc909000-7f31cc91e000 r-xp 00000000 08:02 10747909                   /lib/x86_64-linux-gnu/libgcc_s.so.1
7f31cc91e000-7f31ccb1d000 ---p 00015000 08:02 10747909                   /lib/x86_64-linux-gnu/libgcc_s.so.1
7f31ccb1d000-7f31ccb1e000 r--p 00014000 08:02 10747909                   /lib/x86_64-linux-gnu/libgcc_s.so.1
7f31ccb1e000-7f31ccb1f000 rw-p 00015000 08:02 10747909                   /lib/x86_64-linux-gnu/libgcc_s.so.1
7f31ccb1f000-7f31ccb22000 r--s 00000000 08:02 12068648                   /var/cache/fontconfig/8801497958630a81b71ace7c5f9b32a8-le64.cache-4
7f31ccb22000-7f31ccb23000 r--s 00000000 08:02 12068634                   /var/cache/fontconfig/56cf4f4769d0f4abc89a4895d7bd3ae1-le64.cache-4
7f31ccb23000-7f31ccb2f000 r--s 00000000 08:02 12067178                   /var/cache/fontconfig/d589a48862398ed80a3d6066f4f56f4c-le64.cache-4
7f31ccb2f000-7f31ccb3c000 r--s 00000000 08:02 12067170                   /var/cache/fontconfig/089dead882dea3570ffc31a9898cfb69-le64.cache-4
7f31ccb3c000-7f31ccba1000 r-xp 00000000 08:02 11933628                   /home/lendle/jdk/jre/lib/amd64/libfontmanager.so
7f31ccba1000-7f31ccda0000 ---p 00065000 08:02 11933628                   /home/lendle/jdk/jre/lib/amd64/libfontmanager.so
7f31ccda0000-7f31ccda4000 rw-p 00064000 08:02 11933628                   /home/lendle/jdk/jre/lib/amd64/libfontmanager.so
7f31ccda4000-7f31ccdb5000 rw-p 00000000 00:00 0 
7f31ccdb5000-7f31ccdd5000 r--p 00000000 08:01 1706976                    /usr/share/locale-langpack/zh_TW/LC_MESSAGES/libc.mo
7f31ccdd5000-7f31ccdda000 r-xp 00000000 08:01 2103217                    /usr/lib/x86_64-linux-gnu/libXdmcp.so.6.0.0
7f31ccdda000-7f31ccfd9000 ---p 00005000 08:01 2103217                    /usr/lib/x86_64-linux-gnu/libXdmcp.so.6.0.0
7f31ccfd9000-7f31ccfda000 r--p 00004000 08:01 2103217                    /usr/lib/x86_64-linux-gnu/libXdmcp.so.6.0.0
7f31ccfda000-7f31ccfdb000 rw-p 00005000 08:01 2103217                    /usr/lib/x86_64-linux-gnu/libXdmcp.so.6.0.0
7f31ccfdb000-7f31ccfdd000 r-xp 00000000 08:01 2103206                    /usr/lib/x86_64-linux-gnu/libXau.so.6.0.0
7f31ccfdd000-7f31cd1dd000 ---p 00002000 08:01 2103206                    /usr/lib/x86_64-linux-gnu/libXau.so.6.0.0
7f31cd1dd000-7f31cd1de000 r--p 00002000 08:01 2103206                    /usr/lib/x86_64-linux-gnu/libXau.so.6.0.0
7f31cd1de000-7f31cd1df000 rw-p 00003000 08:01 2103206                    /usr/lib/x86_64-linux-gnu/libXau.so.6.0.0
7f31cd1df000-7f31cd1fc000 r-xp 00000000 08:01 2099082                    /usr/lib/x86_64-linux-gnu/libxcb.so.1.1.0
7f31cd1fc000-7f31cd3fc000 ---p 0001d000 08:01 2099082                    /usr/lib/x86_64-linux-gnu/libxcb.so.1.1.0
7f31cd3fc000-7f31cd3fd000 r--p 0001d000 08:01 2099082                    /usr/lib/x86_64-linux-gnu/libxcb.so.1.1.0
7f31cd3fd000-7f31cd3fe000 rw-p 0001e000 08:01 2099082                    /usr/lib/x86_64-linux-gnu/libxcb.so.1.1.0
7f31cd3fe000-7f31cd40d000 r-xp 00000000 08:01 2103227                    /usr/lib/x86_64-linux-gnu/libXi.so.6.1.0
7f31cd40d000-7f31cd60c000 ---p 0000f000 08:01 2103227                    /usr/lib/x86_64-linux-gnu/libXi.so.6.1.0
7f31cd60c000-7f31cd60d000 r--p 0000e000 08:01 2103227                    /usr/lib/x86_64-linux-gnu/libXi.so.6.1.0
7f31cd60d000-7f31cd60e000 rw-p 0000f000 08:01 2103227                    /usr/lib/x86_64-linux-gnu/libXi.so.6.1.0
7f31cd60e000-7f31cd613000 r-xp 00000000 08:01 2103245                    /usr/lib/x86_64-linux-gnu/libXtst.so.6.1.0
7f31cd613000-7f31cd812000 ---p 00005000 08:01 2103245                    /usr/lib/x86_64-linux-gnu/libXtst.so.6.1.0
7f31cd812000-7f31cd813000 r--p 00004000 08:01 2103245                    /usr/lib/x86_64-linux-gnu/libXtst.so.6.1.0
7f31cd813000-7f31cd814000 rw-p 00005000 08:01 2103245                    /usr/lib/x86_64-linux-gnu/libXtst.so.6.1.0
7f31cd814000-7f31cd81d000 r-xp 00000000 08:01 2103241                    /usr/lib/x86_64-linux-gnu/libXrender.so.1.3.0
7f31cd81d000-7f31cda1c000 ---p 00009000 08:01 2103241                    /usr/lib/x86_64-linux-gnu/libXrender.so.1.3.0
7f31cda1c000-7f31cda1d000 r--p 00008000 08:01 2103241                    /usr/lib/x86_64-linux-gnu/libXrender.so.1.3.0
7f31cda1d000-7f31cda1e000 rw-p 00009000 08:01 2103241                    /usr/lib/x86_64-linux-gnu/libXrender.so.1.3.0
7f31cda1e000-7f31cdb4e000 r-xp 00000000 08:01 2103202                    /usr/lib/x86_64-linux-gnu/libX11.so.6.3.0
7f31cdb4e000-7f31cdd4e000 ---p 00130000 08:01 2103202                    /usr/lib/x86_64-linux-gnu/libX11.so.6.3.0
7f31cdd4e000-7f31cdd4f000 r--p 00130000 08:01 2103202                    /usr/lib/x86_64-linux-gnu/libX11.so.6.3.0
7f31cdd4f000-7f31cdd53000 rw-p 00131000 08:01 2103202                    /usr/lib/x86_64-linux-gnu/libX11.so.6.3.0
7f31cdd53000-7f31cdd64000 r-xp 00000000 08:01 2103219                    /usr/lib/x86_64-linux-gnu/libXext.so.6.4.0
7f31cdd64000-7f31cdf63000 ---p 00011000 08:01 2103219                    /usr/lib/x86_64-linux-gnu/libXext.so.6.4.0
7f31cdf63000-7f31cdf64000 r--p 00010000 08:01 2103219                    /usr/lib/x86_64-linux-gnu/libXext.so.6.4.0
7f31cdf64000-7f31cdf65000 rw-p 00011000 08:01 2103219                    /usr/lib/x86_64-linux-gnu/libXext.so.6.4.0
7f31cdf65000-7f31cdf66000 r--s 00000000 08:02 12068617                   /var/cache/fontconfig/b9d506c9ac06c20b433354fa67a72993-le64.cache-4
7f31cdf66000-7f31cdf6c000 r--s 00000000 08:02 12067465                   /var/cache/fontconfig/b47c4e1ecd0709278f4910c18777a504-le64.cache-4
7f31cdf6c000-7f31cdf6f000 r--s 00000000 08:02 12065480                   /var/cache/fontconfig/e13b20fdb08344e0e664864cc2ede53d-le64.cache-4
7f31cdf6f000-7f31cdf77000 r--s 00000000 08:02 12068790                   /var/cache/fontconfig/5df9eba3d3f2d3afe4369d5c874815ce-le64.cache-4
7f31cdf77000-7f31cdf7b000 r--s 00000000 08:02 12067072                   /var/cache/fontconfig/7ef2298fde41cc6eeb7af42e48b7d293-le64.cache-4
7f31cdf7b000-7f31cdf82000 r--s 00000000 08:01 2491352                    /usr/lib/x86_64-linux-gnu/gconv/gconv-modules.cache
7f31cdf82000-7f31cdfd3000 r-xp 00000000 08:02 11933650                   /home/lendle/jdk/jre/lib/amd64/libawt_xawt.so
7f31cdfd3000-7f31ce1d2000 ---p 00051000 08:02 11933650                   /home/lendle/jdk/jre/lib/amd64/libawt_xawt.so
7f31ce1d2000-7f31ce1d6000 rw-p 00050000 08:02 11933650                   /home/lendle/jdk/jre/lib/amd64/libawt_xawt.so
7f31ce1d6000-7f31ce1d7000 rw-p 00000000 00:00 0 
7f31ce1d7000-7f31ce27a000 r-xp 00000000 08:02 11933636                   /home/lendle/jdk/jre/lib/amd64/libawt.so
7f31ce27a000-7f31ce479000 ---p 000a3000 08:02 11933636                   /home/lendle/jdk/jre/lib/amd64/libawt.so
7f31ce479000-7f31ce485000 rw-p 000a2000 08:02 11933636                   /home/lendle/jdk/jre/lib/amd64/libawt.so
7f31ce485000-7f31ce4a9000 rw-p 00000000 00:00 0 
7f31ce4a9000-7f31ce4ad000 r--s 0002a000 08:02 10494361                   /home/lendle/.m2/repository/commons-io/commons-io/2.4/commons-io-2.4.jar
7f31ce4ad000-7f31ce4b0000 r--s 000e4000 08:02 12193514                   /home/lendle/.m2/repository/dj/jna/3.2.4/jna-3.2.4.jar
7f31ce4b0000-7f31ce4b8000 r--s 0003b000 08:02 11930550                   /home/lendle/.m2/repository/dj/DJNAtiveSwing-SWTCore/1.0/DJNAtiveSwing-SWTCore-1.0.jar
7f31ce4b8000-7f31ce4d5000 r--s 00089000 08:02 11930548                   /home/lendle/.m2/repository/dj/MozillaInterfaces/1.8.1.3/MozillaInterfaces-1.8.1.3.jar
7f31ce4d5000-7f31ce4da000 r--s 0002f000 08:02 11930547                   /home/lendle/.m2/repository/dj/jna/jna_WindowUtils/1.0/jna_WindowUtils-1.0.jar
7f31ce4da000-7f31ce4dd000 r--s 00019000 08:02 11930549                   /home/lendle/.m2/repository/dj/DJNativeSwing/1.0/DJNativeSwing-1.0.jar
7f31ce4dd000-7f31ce4e3000 r--s 002f7000 08:02 11933443                   /home/lendle/jdk/jre/lib/charsets.jar
7f31ce4e3000-7f31ce4f2000 r--s 00079000 08:02 11802136                   /home/lendle/.m2/repository/dj/DJNativeSwing-SWT/1.0/DJNativeSwing-SWT-1.0.jar
7f31ce4f2000-7f31ce4f9000 r--s 00058000 08:02 10495718                   /home/lendle/.m2/repository/org/apache/commons/commons-lang3/3.2.1/commons-lang3-3.2.1.jar
7f31ce4f9000-7f31ce4fe000 r--s 00034000 08:02 10494379                   /home/lendle/.m2/repository/commons-beanutils/commons-beanutils/1.8.3/commons-beanutils-1.8.3.jar
7f31ce4fe000-7f31ce503000 r--s 0002c000 08:02 10494375                   /home/lendle/.m2/repository/net/sf/jwordnet/jwnl/1.4_rc3/jwnl-1.4_rc3.jar
7f31ce503000-7f31ce508000 r--s 0002a000 08:02 10494373                   /home/lendle/.m2/repository/com/google/code/gson/gson/2.2.4/gson-2.2.4.jar
7f31ce508000-7f31ce509000 ---p 00000000 00:00 0 
7f31ce509000-7f31ce609000 rw-p 00000000 00:00 0 
7f31ce609000-7f31ce60c000 ---p 00000000 00:00 0 
7f31ce60c000-7f31ce70a000 rw-p 00000000 00:00 0                          [stack:14218]
7f31ce70a000-7f31ce70d000 ---p 00000000 00:00 0 
7f31ce70d000-7f31ce80b000 rw-p 00000000 00:00 0                          [stack:14217]
7f31ce80b000-7f31ce80e000 ---p 00000000 00:00 0 
7f31ce80e000-7f31ce90c000 rw-p 00000000 00:00 0                          [stack:14216]
7f31ce90c000-7f31ce90f000 ---p 00000000 00:00 0 
7f31ce90f000-7f31cea0d000 rw-p 00000000 00:00 0                          [stack:14215]
7f31cea0d000-7f31cea10000 ---p 00000000 00:00 0 
7f31cea10000-7f31ceb0e000 rw-p 00000000 00:00 0                          [stack:14214]
7f31ceb0e000-7f31cf1f2000 r--p 00000000 08:01 2102287                    /usr/lib/locale/locale-archive
7f31cf1f2000-7f31cf1f5000 ---p 00000000 00:00 0 
7f31cf1f5000-7f31cf2f3000 rw-p 00000000 00:00 0                          [stack:14213]
7f31cf2f3000-7f31cf2f6000 ---p 00000000 00:00 0 
7f31cf2f6000-7f31cf3f4000 rw-p 00000000 00:00 0                          [stack:14212]
7f31cf3f4000-7f31cf3f5000 ---p 00000000 00:00 0 
7f31cf3f5000-7f31d0000000 rw-p 00000000 00:00 0 
7f31d0000000-7f31d0021000 rw-p 00000000 00:00 0 
7f31d0021000-7f31d4000000 ---p 00000000 00:00 0 
7f31d4000000-7f31d4004000 r--s 0003a000 08:02 10494377                   /home/lendle/.m2/repository/net/sf/jtidy/jtidy/r938/jtidy-r938.jar
7f31d4004000-7f31d4006000 r--s 00016000 08:02 10494371                   /home/lendle/.m2/repository/org/eclipse/jetty/jetty-http/8.1.9.v20130131/jetty-http-8.1.9.v20130131.jar
7f31d4006000-7f31d4009000 r--s 00017000 08:02 10494369                   /home/lendle/.m2/repository/org/eclipse/jetty/jetty-io/8.1.9.v20130131/jetty-io-8.1.9.v20130131.jar
7f31d4009000-7f31d400e000 r--s 00041000 08:02 10494367                   /home/lendle/.m2/repository/org/eclipse/jetty/jetty-util/8.1.9.v20130131/jetty-util-8.1.9.v20130131.jar
7f31d400e000-7f31d4017000 r--s 0002d000 08:02 10494351                   /home/lendle/.m2/repository/xml-apis/xml-apis/1.4.01/xml-apis-1.4.01.jar
7f31d4017000-7f31d4030000 r--s 00134000 08:02 10494350                   /home/lendle/.m2/repository/xerces/xercesImpl/2.10.0/xercesImpl-2.10.0.jar
7f31d4030000-7f31d4055000 r--s 002e3000 08:02 10494328                   /home/lendle/.m2/repository/xalan/xalan/2.7.1/xalan-2.7.1.jar
7f31d4055000-7f31d406c000 r--s 0011e000 08:02 10494329                   /home/lendle/.m2/repository/net/sourceforge/htmlunit/htmlunit/2.12/htmlunit-2.12.jar
7f31d406c000-7f31d8000000 rw-p 00000000 00:00 0 
7f31d8000000-7f31d8021000 rw-p 00000000 00:00 0 
7f31d8021000-7f31dc000000 ---p 00000000 00:00 0 
7f31dc000000-7f31dc021000 rw-p 00000000 00:00 0 
7f31dc021000-7f31e0000000 ---p 00000000 00:00 0 
7f31e0000000-7f31e0021000 rw-p 00000000 00:00 0 
7f31e0021000-7f31e4000000 ---p 00000000 00:00 0 
7f31e4000000-7f31e4001000 r--s 00000000 08:02 12067086                   /var/cache/fontconfig/0c9eb80ebd1c36541ebe2852d3bb0c49-le64.cache-4
7f31e4001000-7f31e4004000 r--s 0001c000 08:02 10494365                   /home/lendle/.m2/repository/org/eclipse/jetty/jetty-websocket/8.1.9.v20130131/jetty-websocket-8.1.9.v20130131.jar
7f31e4004000-7f31e4006000 r--s 0000d000 08:02 10494363                   /home/lendle/.m2/repository/commons-logging/commons-logging/1.1.1/commons-logging-1.1.1.jar
7f31e4006000-7f31e4013000 r--s 000ec000 08:02 10494345                   /home/lendle/.m2/repository/net/sourceforge/htmlunit/htmlunit-core-js/2.12/htmlunit-core-js-2.12.jar
7f31e4013000-7f31e4257000 rw-p 00000000 00:00 0 
7f31e4257000-7f31e442b000 r--s 03c3f000 08:02 11933445                   /home/lendle/jdk/jre/lib/rt.jar
7f31e442b000-7f31e4b6b000 rw-p 00000000 00:00 0 
7f31e4b6b000-7f31e4c2b000 ---p 00000000 00:00 0 
7f31e4c2b000-7f31e5000000 rw-p 00000000 00:00 0 
7f31e5000000-7f31e5270000 rwxp 00000000 00:00 0 
7f31e5270000-7f31f4000000 ---p 00000000 00:00 0 
7f31f4000000-7f31f4603000 rw-p 00000000 00:00 0 
7f31f4603000-7f31f8000000 ---p 00000000 00:00 0 
7f31f8000000-7f31f8001000 r--s 00000000 08:02 12066109                   /var/cache/fontconfig/62f91419b9ebdb6975e7e41ab6412357-le64.cache-4
7f31f8001000-7f31f8005000 r--s 00053000 08:02 10494357                   /home/lendle/.m2/repository/net/sourceforge/cssparser/cssparser/0.9.9/cssparser-0.9.9.jar
7f31f8005000-7f31f8008000 r--s 0001c000 08:02 10494354                   /home/lendle/.m2/repository/net/sourceforge/nekohtml/nekohtml/1.9.18/nekohtml-1.9.18.jar
7f31f8008000-7f31f800f000 r--s 00039000 08:02 10494343                   /home/lendle/.m2/repository/commons-codec/commons-codec/1.7/commons-codec-1.7.jar
7f31f800f000-7f31f80d4000 rw-p 00000000 00:00 0 
7f31f80d4000-7f31f80d5000 ---p 00000000 00:00 0 
7f31f80d5000-7f31f81d5000 rw-p 00000000 00:00 0                          [stack:14210]
7f31f81d5000-7f31f81d6000 ---p 00000000 00:00 0 
7f31f81d6000-7f31f82d6000 rw-p 00000000 00:00 0                          [stack:14209]
7f31f82d6000-7f31f82d7000 ---p 00000000 00:00 0 
7f31f82d7000-7f31f83d7000 rw-p 00000000 00:00 0                          [stack:14208]
7f31f83d7000-7f31f83d8000 ---p 00000000 00:00 0 
7f31f83d8000-7f31f8516000 rw-p 00000000 00:00 0                          [stack:14207]
7f31f8516000-7f31f8766000 ---p 00000000 00:00 0 
7f31f8766000-7f31f87a4000 rw-p 00000000 00:00 0 
7f31f87a4000-7f31f89f4000 ---p 00000000 00:00 0 
7f31f89f4000-7f31f89f6000 rw-p 00000000 00:00 0 
7f31f89f6000-7f31f8b3b000 ---p 00000000 00:00 0 
7f31f8b3b000-7f31f8b46000 rw-p 00000000 00:00 0 
7f31f8b46000-7f31f8efc000 ---p 00000000 00:00 0 
7f31f8efc000-7f31f8f18000 r-xp 00000000 08:02 11933639                   /home/lendle/jdk/jre/lib/amd64/libzip.so
7f31f8f18000-7f31f9117000 ---p 0001c000 08:02 11933639                   /home/lendle/jdk/jre/lib/amd64/libzip.so
7f31f9117000-7f31f9118000 rw-p 0001b000 08:02 11933639                   /home/lendle/jdk/jre/lib/amd64/libzip.so
7f31f9118000-7f31f9124000 r-xp 00000000 08:02 10751863                   /lib/x86_64-linux-gnu/libnss_files-2.17.so
7f31f9124000-7f31f9323000 ---p 0000c000 08:02 10751863                   /lib/x86_64-linux-gnu/libnss_files-2.17.so
7f31f9323000-7f31f9324000 r--p 0000b000 08:02 10751863                   /lib/x86_64-linux-gnu/libnss_files-2.17.so
7f31f9324000-7f31f9325000 rw-p 0000c000 08:02 10751863                   /lib/x86_64-linux-gnu/libnss_files-2.17.so
7f31f9325000-7f31f9330000 r-xp 00000000 08:02 10751867                   /lib/x86_64-linux-gnu/libnss_nis-2.17.so
7f31f9330000-7f31f952f000 ---p 0000b000 08:02 10751867                   /lib/x86_64-linux-gnu/libnss_nis-2.17.so
7f31f952f000-7f31f9530000 r--p 0000a000 08:02 10751867                   /lib/x86_64-linux-gnu/libnss_nis-2.17.so
7f31f9530000-7f31f9531000 rw-p 0000b000 08:02 10751867                   /lib/x86_64-linux-gnu/libnss_nis-2.17.so
7f31f9531000-7f31f9548000 r-xp 00000000 08:02 10751857                   /lib/x86_64-linux-gnu/libnsl-2.17.so
7f31f9548000-7f31f9747000 ---p 00017000 08:02 10751857                   /lib/x86_64-linux-gnu/libnsl-2.17.so
7f31f9747000-7f31f9748000 r--p 00016000 08:02 10751857                   /lib/x86_64-linux-gnu/libnsl-2.17.so
7f31f9748000-7f31f9749000 rw-p 00017000 08:02 10751857                   /lib/x86_64-linux-gnu/libnsl-2.17.so
7f31f9749000-7f31f974b000 rw-p 00000000 00:00 0 
7f31f974b000-7f31f9753000 r-xp 00000000 08:02 10751859                   /lib/x86_64-linux-gnu/libnss_compat-2.17.so
7f31f9753000-7f31f9952000 ---p 00008000 08:02 10751859                   /lib/x86_64-linux-gnu/libnss_compat-2.17.so
7f31f9952000-7f31f9953000 r--p 00007000 08:02 10751859                   /lib/x86_64-linux-gnu/libnss_compat-2.17.so
7f31f9953000-7f31f9954000 rw-p 00008000 08:02 10751859                   /lib/x86_64-linux-gnu/libnss_compat-2.17.so
7f31f9954000-7f31f997e000 r-xp 00000000 08:02 11933634                   /home/lendle/jdk/jre/lib/amd64/libjava.so
7f31f997e000-7f31f9b7e000 ---p 0002a000 08:02 11933634                   /home/lendle/jdk/jre/lib/amd64/libjava.so
7f31f9b7e000-7f31f9b80000 rw-p 0002a000 08:02 11933634                   /home/lendle/jdk/jre/lib/amd64/libjava.so
7f31f9b80000-7f31f9b8d000 r-xp 00000000 08:02 11933638                   /home/lendle/jdk/jre/lib/amd64/libverify.so
7f31f9b8d000-7f31f9d8d000 ---p 0000d000 08:02 11933638                   /home/lendle/jdk/jre/lib/amd64/libverify.so
7f31f9d8d000-7f31f9d8f000 rw-p 0000d000 08:02 11933638                   /home/lendle/jdk/jre/lib/amd64/libverify.so
7f31f9d8f000-7f31f9d96000 r-xp 00000000 08:02 10751910                   /lib/x86_64-linux-gnu/librt-2.17.so
7f31f9d96000-7f31f9f95000 ---p 00007000 08:02 10751910                   /lib/x86_64-linux-gnu/librt-2.17.so
7f31f9f95000-7f31f9f96000 r--p 00006000 08:02 10751910                   /lib/x86_64-linux-gnu/librt-2.17.so
7f31f9f96000-7f31f9f97000 rw-p 00007000 08:02 10751910                   /lib/x86_64-linux-gnu/librt-2.17.so
7f31f9f97000-7f31fa09a000 r-xp 00000000 08:02 10751838                   /lib/x86_64-linux-gnu/libm-2.17.so
7f31fa09a000-7f31fa299000 ---p 00103000 08:02 10751838                   /lib/x86_64-linux-gnu/libm-2.17.so
7f31fa299000-7f31fa29a000 r--p 00102000 08:02 10751838                   /lib/x86_64-linux-gnu/libm-2.17.so
7f31fa29a000-7f31fa29b000 rw-p 00103000 08:02 10751838                   /lib/x86_64-linux-gnu/libm-2.17.so
7f31fa29b000-7f31faeb4000 r-xp 00000000 08:02 11933620                   /home/lendle/jdk/jre/lib/amd64/server/libjvm.so
7f31faeb4000-7f31fb0b4000 ---p 00c19000 08:02 11933620                   /home/lendle/jdk/jre/lib/amd64/server/libjvm.so
7f31fb0b4000-7f31fb17d000 rw-p 00c19000 08:02 11933620                   /home/lendle/jdk/jre/lib/amd64/server/libjvm.so
7f31fb17d000-7f31fb1be000 rw-p 00000000 00:00 0 
7f31fb1be000-7f31fb37b000 r-xp 00000000 08:02 10751787                   /lib/x86_64-linux-gnu/libc-2.17.so
7f31fb37b000-7f31fb57b000 ---p 001bd000 08:02 10751787                   /lib/x86_64-linux-gnu/libc-2.17.so
7f31fb57b000-7f31fb57f000 r--p 001bd000 08:02 10751787                   /lib/x86_64-linux-gnu/libc-2.17.so
7f31fb57f000-7f31fb581000 rw-p 001c1000 08:02 10751787                   /lib/x86_64-linux-gnu/libc-2.17.so
7f31fb581000-7f31fb586000 rw-p 00000000 00:00 0 
7f31fb586000-7f31fb589000 r-xp 00000000 08:02 10751802                   /lib/x86_64-linux-gnu/libdl-2.17.so
7f31fb589000-7f31fb788000 ---p 00003000 08:02 10751802                   /lib/x86_64-linux-gnu/libdl-2.17.so
7f31fb788000-7f31fb789000 r--p 00002000 08:02 10751802                   /lib/x86_64-linux-gnu/libdl-2.17.so
7f31fb789000-7f31fb78a000 rw-p 00003000 08:02 10751802                   /lib/x86_64-linux-gnu/libdl-2.17.so
7f31fb78a000-7f31fb7a1000 r-xp 00000000 08:02 11933340                   /home/lendle/jdk/lib/amd64/jli/libjli.so
7f31fb7a1000-7f31fb9a0000 ---p 00017000 08:02 11933340                   /home/lendle/jdk/lib/amd64/jli/libjli.so
7f31fb9a0000-7f31fb9a1000 rw-p 00016000 08:02 11933340                   /home/lendle/jdk/lib/amd64/jli/libjli.so
7f31fb9a1000-7f31fb9b8000 r-xp 00000000 08:02 10751902                   /lib/x86_64-linux-gnu/libpthread-2.17.so
7f31fb9b8000-7f31fbbb8000 ---p 00017000 08:02 10751902                   /lib/x86_64-linux-gnu/libpthread-2.17.so
7f31fbbb8000-7f31fbbb9000 r--p 00017000 08:02 10751902                   /lib/x86_64-linux-gnu/libpthread-2.17.so
7f31fbbb9000-7f31fbbba000 rw-p 00018000 08:02 10751902                   /lib/x86_64-linux-gnu/libpthread-2.17.so
7f31fbbba000-7f31fbbbe000 rw-p 00000000 00:00 0 
7f31fbbbe000-7f31fbbe1000 r-xp 00000000 08:02 10751763                   /lib/x86_64-linux-gnu/ld-2.17.so
7f31fbbe1000-7f31fbbe2000 r--s 00003000 08:02 10494359                   /home/lendle/.m2/repository/org/w3c/css/sac/1.3/sac-1.3.jar
7f31fbbe2000-7f31fbbe8000 r--s 00031000 08:02 10494338                   /home/lendle/.m2/repository/org/apache/httpcomponents/httpcore/4.2.2/httpcore-4.2.2.jar
7f31fbbe8000-7f31fbbf1000 r--s 00061000 08:02 10494336                   /home/lendle/.m2/repository/org/apache/httpcomponents/httpclient/4.2.3/httpclient-4.2.3.jar
7f31fbbf1000-7f31fbcbc000 rw-p 00000000 00:00 0 
7f31fbcbc000-7f31fbcbf000 ---p 00000000 00:00 0 
7f31fbcbf000-7f31fbdc1000 rw-p 00000000 00:00 0                          [stack:14206]
7f31fbdc1000-7f31fbdc3000 r--s 00005000 08:02 10494340                   /home/lendle/.m2/repository/org/apache/httpcomponents/httpmime/4.2.3/httpmime-4.2.3.jar
7f31fbdc3000-7f31fbdd1000 r--s 0007f000 08:02 10494332                   /home/lendle/.m2/repository/commons-collections/commons-collections/3.2.1/commons-collections-3.2.1.jar
7f31fbdd1000-7f31fbdd4000 r--s 00041000 08:02 10494327                   /home/lendle/.m2/repository/xalan/serializer/2.7.1/serializer-2.7.1.jar
7f31fbdd4000-7f31fbddc000 rw-s 00000000 08:02 5898626                    /tmp/hsperfdata_lendle/14202 (deleted)
7f31fbddc000-7f31fbddd000 rw-p 00000000 00:00 0 
7f31fbddd000-7f31fbdde000 ---p 00000000 00:00 0 
7f31fbdde000-7f31fbde0000 rw-p 00000000 00:00 0 
7f31fbde0000-7f31fbde1000 r--p 00022000 08:02 10751763                   /lib/x86_64-linux-gnu/ld-2.17.so
7f31fbde1000-7f31fbde3000 rw-p 00023000 08:02 10751763                   /lib/x86_64-linux-gnu/ld-2.17.so
7fff75d48000-7fff75d6a000 rw-p 00000000 00:00 0                          [stack]
7fff75dfe000-7fff75e00000 r-xp 00000000 00:00 0                          [vdso]
ffffffffff600000-ffffffffff601000 r-xp 00000000 00:00 0                  [vsyscall]

VM Arguments:
jvm_args: -Djava.util.Arrays.useLegacyMergeSort=true 
java_command: test.TestDJBrowser
java_class_path (initial): /home/lendle/programs/dev/NetBeansProjects/NSCTeam/tagresearchtools/target/classes:/home/lendle/.m2/repository/net/sourceforge/htmlunit/htmlunit/2.12/htmlunit-2.12.jar:/home/lendle/.m2/repository/xalan/xalan/2.7.1/xalan-2.7.1.jar:/home/lendle/.m2/repository/xalan/serializer/2.7.1/serializer-2.7.1.jar:/home/lendle/.m2/repository/commons-collections/commons-collections/3.2.1/commons-collections-3.2.1.jar:/home/lendle/.m2/repository/org/apache/httpcomponents/httpclient/4.2.3/httpclient-4.2.3.jar:/home/lendle/.m2/repository/org/apache/httpcomponents/httpcore/4.2.2/httpcore-4.2.2.jar:/home/lendle/.m2/repository/org/apache/httpcomponents/httpmime/4.2.3/httpmime-4.2.3.jar:/home/lendle/.m2/repository/commons-codec/commons-codec/1.7/commons-codec-1.7.jar:/home/lendle/.m2/repository/net/sourceforge/htmlunit/htmlunit-core-js/2.12/htmlunit-core-js-2.12.jar:/home/lendle/.m2/repository/xerces/xercesImpl/2.10.0/xercesImpl-2.10.0.jar:/home/lendle/.m2/repository/xml-apis/xml-apis/1.4.01/xml-apis-1.4.01.jar:/home/lendle/.m2/repository/net/sourceforge/nekohtml/nekohtml/1.9.18/nekohtml-1.9.18.jar:/home/lendle/.m2/repository/net/sourceforge/cssparser/cssparser/0.9.9/cssparser-0.9.9.jar:/home/lendle/.m2/repository/org/w3c/css/sac/1.3/sac-1.3.jar:/home/lendle/.m2/repository/commons-logging/commons-logging/1.1.1/commons-logging-1.1.1.jar:/home/lendle/.m2/repository/org/eclipse/jetty/jetty-websocket/8.1.9.v20130131/jetty-websocket-8.1.9.v20130131.jar:/home/lendle/.m2/repository/org/eclipse/jetty/jetty-util/8.1.9.v20130131/jetty-util-8.1.9.v20130131.jar:/home/lendle/.m2/repository/org/eclipse/jetty/jetty-io/8.1.9.v20130131/jetty-io-8.1.9.v20130131.jar:/home/lendle/.m2/repository/org/eclipse/jetty/jetty-http/8.1.9.v20130131/jetty-http-8.1.9.v20130131.jar:/home/lendle/.m2/repository/com/google/code/gson/gson/2.2.4/gson-2.2.4.jar:/home/lendle/.m2/repository/net/sf/jwordnet/jwnl/1.4_rc3/jwnl-1.4_rc3.jar:/home/lendle/.m2/repository/net/sf/jtidy/jtidy/r938/jtidy-r938.j
Launcher Type: SUN_STANDARD

Environment Variables:
JAVA_HOME=/home/lendle/jdk
PATH=/home/lendle/jdk:/usr/local/sbin:/usr/local/bin:/usr/sbin:/usr/bin:/sbin:/bin:/usr/games:/usr/local/games
USERNAME=lendle
LD_LIBRARY_PATH=/home/lendle/jdk/jre/lib/amd64:/home/lendle/jdk/jre/lib/i386:
SHELL=/bin/bash
DISPLAY=:0.0

Signal Handlers:
SIGSEGV: [libjvm.so+0xa2fc40], sa_mask[0]=0x7ffbfeff, sa_flags=0x10000004
SIGBUS: [libjvm.so+0xa2fc40], sa_mask[0]=0x7ffbfeff, sa_flags=0x10000004
SIGFPE: [libjvm.so+0x89b440], sa_mask[0]=0x7ffbfeff, sa_flags=0x10000004
SIGPIPE: [libjvm.so+0x89b440], sa_mask[0]=0x7ffbfeff, sa_flags=0x10000004
SIGXFSZ: [libjvm.so+0x89b440], sa_mask[0]=0x7ffbfeff, sa_flags=0x10000004
SIGILL: [libjvm.so+0x89b440], sa_mask[0]=0x7ffbfeff, sa_flags=0x10000004
SIGUSR1: SIG_DFL, sa_mask[0]=0x00000000, sa_flags=0x00000000
SIGUSR2: [libjvm.so+0x89cbe0], sa_mask[0]=0x00000004, sa_flags=0x10000004
SIGHUP: [libjvm.so+0x89de90], sa_mask[0]=0x7ffbfeff, sa_flags=0x10000004
SIGINT: SIG_IGN, sa_mask[0]=0x00000000, sa_flags=0x00000000
SIGTERM: [libjvm.so+0x89de90], sa_mask[0]=0x7ffbfeff, sa_flags=0x10000004
SIGQUIT: [libjvm.so+0x89de90], sa_mask[0]=0x7ffbfeff, sa_flags=0x10000004


---------------  S Y S T E M  ---------------

OS:DISTRIB_ID=Ubuntu
DISTRIB_RELEASE=13.10
DISTRIB_CODENAME=saucy
DISTRIB_DESCRIPTION="Ubuntu 13.10"

uname:Linux 3.11.0-22-generic #37-Ubuntu SMP Mon May 12 16:52:05 UTC 2014 x86_64
libc:glibc 2.17 NPTL 2.17 
rlimit: STACK 8192k, CORE 0k, NPROC 62624, NOFILE 4096, AS infinity
load average:0.62 0.69 0.57

/proc/meminfo:
MemTotal:        8036220 kB
MemFree:          123008 kB
Buffers:          171580 kB
Cached:          4946956 kB
SwapCached:            0 kB
Active:          3974608 kB
Inactive:        3487632 kB
Active(anon):    2334532 kB
Inactive(anon):   706756 kB
Active(file):    1640076 kB
Inactive(file):  2780876 kB
Unevictable:           0 kB
Mlocked:               0 kB
SwapTotal:       1998844 kB
SwapFree:        1998660 kB
Dirty:               712 kB
Writeback:             0 kB
AnonPages:       2344100 kB
Mapped:          1670900 kB
Shmem:            697180 kB
Slab:             306240 kB
SReclaimable:     262120 kB
SUnreclaim:        44120 kB
KernelStack:        6728 kB
PageTables:        56772 kB
NFS_Unstable:          0 kB
Bounce:                0 kB
WritebackTmp:          0 kB
CommitLimit:     6016952 kB
Committed_AS:    8232844 kB
VmallocTotal:   34359738367 kB
VmallocUsed:      358992 kB
VmallocChunk:   34359376472 kB
HardwareCorrupted:     0 kB
AnonHugePages:         0 kB
HugePages_Total:       0
HugePages_Free:        0
HugePages_Rsvd:        0
HugePages_Surp:        0
Hugepagesize:       2048 kB
DirectMap4k:       69952 kB
DirectMap2M:     3983360 kB
DirectMap1G:     4194304 kB


CPU:total 4 (4 cores per cpu, 1 threads per core) family 6 model 60 stepping 3, cmov, cx8, fxsr, mmx, sse, sse2, sse3, ssse3, sse4.1, sse4.2, popcnt, avx, avx2, clmul, erms, tsc, tscinvbit

/proc/cpuinfo:
processor	: 0
vendor_id	: GenuineIntel
cpu family	: 6
model		: 60
model name	: Intel(R) Core(TM) i5-4570 CPU @ 3.20GHz
stepping	: 3
microcode	: 0x17
cpu MHz		: 800.000
cache size	: 6144 KB
physical id	: 0
siblings	: 4
core id		: 0
cpu cores	: 4
apicid		: 0
initial apicid	: 0
fpu		: yes
fpu_exception	: yes
cpuid level	: 13
wp		: yes
flags		: fpu vme de pse tsc msr pae mce cx8 apic sep mtrr pge mca cmov pat pse36 clflush dts acpi mmx fxsr sse sse2 ss ht tm pbe syscall nx pdpe1gb rdtscp lm constant_tsc arch_perfmon pebs bts rep_good nopl xtopology nonstop_tsc aperfmperf eagerfpu pni pclmulqdq dtes64 monitor ds_cpl vmx smx est tm2 ssse3 fma cx16 xtpr pdcm pcid sse4_1 sse4_2 x2apic movbe popcnt tsc_deadline_timer xsave avx f16c rdrand lahf_lm abm ida arat epb xsaveopt pln pts dtherm tpr_shadow vnmi flexpriority ept vpid fsgsbase tsc_adjust bmi1 hle avx2 smep bmi2 erms invpcid rtm
bogomips	: 6385.17
clflush size	: 64
cache_alignment	: 64
address sizes	: 39 bits physical, 48 bits virtual
power management:

processor	: 1
vendor_id	: GenuineIntel
cpu family	: 6
model		: 60
model name	: Intel(R) Core(TM) i5-4570 CPU @ 3.20GHz
stepping	: 3
microcode	: 0x17
cpu MHz		: 3201.000
cache size	: 6144 KB
physical id	: 0
siblings	: 4
core id		: 1
cpu cores	: 4
apicid		: 2
initial apicid	: 2
fpu		: yes
fpu_exception	: yes
cpuid level	: 13
wp		: yes
flags		: fpu vme de pse tsc msr pae mce cx8 apic sep mtrr pge mca cmov pat pse36 clflush dts acpi mmx fxsr sse sse2 ss ht tm pbe syscall nx pdpe1gb rdtscp lm constant_tsc arch_perfmon pebs bts rep_good nopl xtopology nonstop_tsc aperfmperf eagerfpu pni pclmulqdq dtes64 monitor ds_cpl vmx smx est tm2 ssse3 fma cx16 xtpr pdcm pcid sse4_1 sse4_2 x2apic movbe popcnt tsc_deadline_timer xsave avx f16c rdrand lahf_lm abm ida arat epb xsaveopt pln pts dtherm tpr_shadow vnmi flexpriority ept vpid fsgsbase tsc_adjust bmi1 hle avx2 smep bmi2 erms invpcid rtm
bogomips	: 6385.17
clflush size	: 64
cache_alignment	: 64
address sizes	: 39 bits physical, 48 bits virtual
power management:

processor	: 2
vendor_id	: GenuineIntel
cpu family	: 6
model		: 60
model name	: Intel(R) Core(TM) i5-4570 CPU @ 3.20GHz
stepping	: 3
microcode	: 0x17
cpu MHz		: 3201.000
cache size	: 6144 KB
physical id	: 0
siblings	: 4
core id		: 2
cpu cores	: 4
apicid		: 4
initial apicid	: 4
fpu		: yes
fpu_exception	: yes
cpuid level	: 13
wp		: yes
flags		: fpu vme de pse tsc msr pae mce cx8 apic sep mtrr pge mca cmov pat pse36 clflush dts acpi mmx fxsr sse sse2 ss ht tm pbe syscall nx pdpe1gb rdtscp lm constant_tsc arch_perfmon pebs bts rep_good nopl xtopology nonstop_tsc aperfmperf eagerfpu pni pclmulqdq dtes64 monitor ds_cpl vmx smx est tm2 ssse3 fma cx16 xtpr pdcm pcid sse4_1 sse4_2 x2apic movbe popcnt tsc_deadline_timer xsave avx f16c rdrand lahf_lm abm ida arat epb xsaveopt pln pts dtherm tpr_shadow vnmi flexpriority ept vpid fsgsbase tsc_adjust bmi1 hle avx2 smep bmi2 erms invpcid rtm
bogomips	: 6385.17
clflush size	: 64
cache_alignment	: 64
address sizes	: 39 bits physical, 48 bits virtual
power management:

processor	: 3
vendor_id	: GenuineIntel
cpu family	: 6
model		: 60
model name	: Intel(R) Core(TM) i5-4570 CPU @ 3.20GHz
stepping	: 3
microcode	: 0x17
cpu MHz		: 800.000
cache size	: 6144 KB
physical id	: 0
siblings	: 4
core id		: 3
cpu cores	: 4
apicid		: 6
initial apicid	: 6
fpu		: yes
fpu_exception	: yes
cpuid level	: 13
wp		: yes
flags		: fpu vme de pse tsc msr pae mce cx8 apic sep mtrr pge mca cmov pat pse36 clflush dts acpi mmx fxsr sse sse2 ss ht tm pbe syscall nx pdpe1gb rdtscp lm constant_tsc arch_perfmon pebs bts rep_good nopl xtopology nonstop_tsc aperfmperf eagerfpu pni pclmulqdq dtes64 monitor ds_cpl vmx smx est tm2 ssse3 fma cx16 xtpr pdcm pcid sse4_1 sse4_2 x2apic movbe popcnt tsc_deadline_timer xsave avx f16c rdrand lahf_lm abm ida arat epb xsaveopt pln pts dtherm tpr_shadow vnmi flexpriority ept vpid fsgsbase tsc_adjust bmi1 hle avx2 smep bmi2 erms invpcid rtm
bogomips	: 6385.17
clflush size	: 64
cache_alignment	: 64
address sizes	: 39 bits physical, 48 bits virtual
power management:



Memory: 4k page, physical 8036220k(123008k free), swap 1998844k(1998660k free)

vm_info: Java HotSpot(TM) 64-Bit Server VM (25.0-b70) for linux-amd64 JRE (1.8.0-b132), built on Mar  4 2014 03:07:25 by "java_re" with gcc 4.3.0 20080428 (Red Hat 4.3.0-8)

time: Mon Jun 23 19:52:45 2014
elapsed time: 0 seconds

